22-May-2024 11:52:03.421 INFORMAZIONI [main] org.apache.catalina.startup.VersionLoggerListener.log Server version name:   Apache Tomcat/9.0.31
22-May-2024 11:52:03.423 INFORMAZIONI [main] org.apache.catalina.startup.VersionLoggerListener.log Server built:          Feb 5 2020 19:32:12 UTC
22-May-2024 11:52:03.423 INFORMAZIONI [main] org.apache.catalina.startup.VersionLoggerListener.log Server version number: 9.0.31.0
22-May-2024 11:52:03.424 INFORMAZIONI [main] org.apache.catalina.startup.VersionLoggerListener.log OS Name:               Windows 11
22-May-2024 11:52:03.424 INFORMAZIONI [main] org.apache.catalina.startup.VersionLoggerListener.log OS Version:            10.0
22-May-2024 11:52:03.424 INFORMAZIONI [main] org.apache.catalina.startup.VersionLoggerListener.log Architecture:          amd64
22-May-2024 11:52:03.424 INFORMAZIONI [main] org.apache.catalina.startup.VersionLoggerListener.log Java Home:             C:\Users\defil\.jdks\corretto-21.0.3
22-May-2024 11:52:03.424 INFORMAZIONI [main] org.apache.catalina.startup.VersionLoggerListener.log JVM Version:           21.0.3+9-LTS
22-May-2024 11:52:03.424 INFORMAZIONI [main] org.apache.catalina.startup.VersionLoggerListener.log JVM Vendor:            Amazon.com Inc.
22-May-2024 11:52:03.424 INFORMAZIONI [main] org.apache.catalina.startup.VersionLoggerListener.log CATALINA_BASE:         C:\Users\defil\Desktop\ECLIPSE, TOMCAT ECC\PROGETTO
22-May-2024 11:52:03.424 INFORMAZIONI [main] org.apache.catalina.startup.VersionLoggerListener.log CATALINA_HOME:         C:\Users\defil\Downloads\apache-tomcat-9.0.31\apache-tomcat-9.0.31
22-May-2024 11:52:03.430 INFORMAZIONI [main] org.apache.catalina.startup.VersionLoggerListener.log Command line argument: --add-opens=java.base/java.lang=ALL-UNNAMED
22-May-2024 11:52:03.430 INFORMAZIONI [main] org.apache.catalina.startup.VersionLoggerListener.log Command line argument: --add-opens=java.base/java.io=ALL-UNNAMED
22-May-2024 11:52:03.430 INFORMAZIONI [main] org.apache.catalina.startup.VersionLoggerListener.log Command line argument: --add-opens=java.base/java.util=ALL-UNNAMED
22-May-2024 11:52:03.430 INFORMAZIONI [main] org.apache.catalina.startup.VersionLoggerListener.log Command line argument: --add-opens=java.base/java.util.concurrent=ALL-UNNAMED
22-May-2024 11:52:03.430 INFORMAZIONI [main] org.apache.catalina.startup.VersionLoggerListener.log Command line argument: --add-opens=java.rmi/sun.rmi.transport=ALL-UNNAMED
22-May-2024 11:52:03.430 INFORMAZIONI [main] org.apache.catalina.startup.VersionLoggerListener.log Command line argument: -Dcatalina.home=C:\Users\defil\Downloads\apache-tomcat-9.0.31\apache-tomcat-9.0.31
22-May-2024 11:52:03.430 INFORMAZIONI [main] org.apache.catalina.startup.VersionLoggerListener.log Command line argument: -Dcatalina.base=C:\Users\defil\Desktop\ECLIPSE, TOMCAT ECC\PROGETTO
22-May-2024 11:52:03.430 INFORMAZIONI [main] org.apache.catalina.startup.VersionLoggerListener.log Command line argument: -Djava.io.tmpdir=C:\Users\defil\Desktop\ECLIPSE, TOMCAT ECC\PROGETTO\temp
22-May-2024 11:52:03.430 INFORMAZIONI [main] org.apache.catalina.startup.VersionLoggerListener.log Command line argument: -Djava.util.logging.config.file=C:\Users\defil\Desktop\ECLIPSE, TOMCAT ECC\PROGETTO\conf\logging.properties
22-May-2024 11:52:03.430 INFORMAZIONI [main] org.apache.catalina.startup.VersionLoggerListener.log Command line argument: -Djava.util.logging.manager=org.apache.juli.ClassLoaderLogManager
22-May-2024 11:52:03.430 INFORMAZIONI [main] org.apache.catalina.startup.VersionLoggerListener.log Command line argument: -javaagent:C:\Program Files\JetBrains\IntelliJ IDEA 2024.1\lib\idea_rt.jar=59598:C:\Program Files\JetBrains\IntelliJ IDEA 2024.1\bin
22-May-2024 11:52:03.430 INFORMAZIONI [main] org.apache.catalina.startup.VersionLoggerListener.log Command line argument: -Dfile.encoding=UTF-8
22-May-2024 11:52:03.431 INFORMAZIONI [main] org.apache.catalina.startup.VersionLoggerListener.log Command line argument: -Dsun.stdout.encoding=UTF-8
22-May-2024 11:52:03.431 INFORMAZIONI [main] org.apache.catalina.startup.VersionLoggerListener.log Command line argument: -Dsun.stderr.encoding=UTF-8
22-May-2024 11:52:03.431 INFORMAZIONI [main] org.apache.catalina.core.AprLifecycleListener.lifecycleEvent The APR based Apache Tomcat Native library which allows optimal performance in production environments was not found on the java.library.path: [C:\Users\defil\.jdks\corretto-21.0.3\bin;C:\WINDOWS\Sun\Java\bin;C:\WINDOWS\system32;C:\WINDOWS;C:\mingw64\bin;C:\Program Files\Common Files\Oracle\Java\javapath;C:\Program Files (x86)\Common Files\Oracle\Java\javapath;C:\WINDOWS\system32;C:\WINDOWS;C:\WINDOWS\System32\Wbem;C:\WINDOWS\System32\WindowsPowerShell\v1.0\;C:\WINDOWS\System32\OpenSSH\;C:\Users\defil\Desktop\ECLIPSE, TOMCAT ECC\APACHE_MAVEN_3.9.6\apache-maven-3.9.6\bin;C:\Users\defil\Downloads\apache-tomcat-9.0.31\apache-tomcat-9.0.31\bin;C:\Program Files\Git\cmd;C:\Program Files\MySQL\MySQL Shell 8.0\bin\;C:\Users\defil\AppData\Local\Microsoft\WindowsApps;C:\Users\defil\AppData\Local\Programs\Microsoft VS Code\bin;C:\Program Files\JetBrains\IntelliJ IDEA 2024.1\bin;;C:\Users\defil\AppData\Local\GitHubDesktop\bin;C:\Users\defil\Downloads\apache-tomcat-9.0.31\apache-tomcat-9.0.31\bin;;.]
22-May-2024 11:52:03.802 INFORMAZIONI [main] org.apache.coyote.AbstractProtocol.init Initializing ProtocolHandler ["http-nio-8080"]
22-May-2024 11:52:03.885 INFORMAZIONI [main] org.apache.catalina.startup.Catalina.load Server initialization in [662] milliseconds
22-May-2024 11:52:03.923 INFORMAZIONI [main] org.apache.catalina.core.StandardService.startInternal Starting service [Catalina]
22-May-2024 11:52:03.923 INFORMAZIONI [main] org.apache.catalina.core.StandardEngine.startInternal Starting Servlet engine: [Apache Tomcat/9.0.31]
22-May-2024 11:52:03.933 INFORMAZIONI [main] org.apache.catalina.startup.HostConfig.deployDescriptor Deploying deployment descriptor [C:\Users\defil\Desktop\ECLIPSE, TOMCAT ECC\PROGETTO\conf\Catalina\localhost\sito.xml]
22-May-2024 11:52:04.984 INFORMAZIONI [main] org.apache.jasper.servlet.TldScanner.scanJars At least one JAR was scanned for TLDs yet contained no TLDs. Enable debug logging for this logger for a complete list of JARs that were scanned but no TLDs were found in them. Skipping unneeded JARs during scanning can improve startup time and JSP compilation time.
22-May-2024 11:52:05.042 INFORMAZIONI [main] org.apache.catalina.startup.HostConfig.deployDescriptor Deployment of deployment descriptor [C:\Users\defil\Desktop\ECLIPSE, TOMCAT ECC\PROGETTO\conf\Catalina\localhost\sito.xml] has finished in [1,109] ms
22-May-2024 11:52:05.044 INFORMAZIONI [main] org.apache.coyote.AbstractProtocol.start Starting ProtocolHandler ["http-nio-8080"]
22-May-2024 11:52:05.052 INFORMAZIONI [main] org.apache.catalina.startup.Catalina.start Server startup in [1,166] milliseconds
22-May-2024 11:52:08.042 INFORMAZIONI [Thread-3] org.apache.coyote.AbstractProtocol.pause Pausing ProtocolHandler ["http-nio-8080"]
22-May-2024 11:52:08.044 INFORMAZIONI [Thread-3] org.apache.catalina.core.StandardService.stopInternal Stopping service [Catalina]
22-May-2024 11:52:08.051 AVVERTENZA [Thread-3] org.apache.catalina.loader.WebappClassLoaderBase.clearReferencesObjectStreamClassCaches Failed to clear soft references from ObjectStreamClass$Caches for web application [sito]
	java.lang.ClassCastException: class java.io.ObjectStreamClass$Caches$1 cannot be cast to class java.util.Map (java.io.ObjectStreamClass$Caches$1 and java.util.Map are in module java.base of loader 'bootstrap')
		at org.apache.catalina.loader.WebappClassLoaderBase.clearCache(WebappClassLoaderBase.java:2269)
		at org.apache.catalina.loader.WebappClassLoaderBase.clearReferencesObjectStreamClassCaches(WebappClassLoaderBase.java:2256)
		at org.apache.catalina.loader.WebappClassLoaderBase.clearReferences(WebappClassLoaderBase.java:1627)
		at org.apache.catalina.loader.WebappClassLoaderBase.stop(WebappClassLoaderBase.java:1555)
		at org.apache.catalina.loader.WebappLoader.stopInternal(WebappLoader.java:443)
		at org.apache.catalina.util.LifecycleBase.stop(LifecycleBase.java:257)
		at org.apache.catalina.core.StandardContext.stopInternal(StandardContext.java:5432)
		at org.apache.catalina.util.LifecycleBase.stop(LifecycleBase.java:257)
		at org.apache.catalina.core.ContainerBase$StopChild.call(ContainerBase.java:1400)
		at org.apache.catalina.core.ContainerBase$StopChild.call(ContainerBase.java:1389)
		at java.base/java.util.concurrent.FutureTask.run(FutureTask.java:317)
		at org.apache.tomcat.util.threads.InlineExecutorService.execute(InlineExecutorService.java:75)
		at java.base/java.util.concurrent.AbstractExecutorService.submit(AbstractExecutorService.java:145)
		at org.apache.catalina.core.ContainerBase.stopInternal(ContainerBase.java:976)
		at org.apache.catalina.util.LifecycleBase.stop(LifecycleBase.java:257)
		at org.apache.catalina.core.ContainerBase$StopChild.call(ContainerBase.java:1400)
		at org.apache.catalina.core.ContainerBase$StopChild.call(ContainerBase.java:1389)
		at java.base/java.util.concurrent.FutureTask.run(FutureTask.java:317)
		at org.apache.tomcat.util.threads.InlineExecutorService.execute(InlineExecutorService.java:75)
		at java.base/java.util.concurrent.AbstractExecutorService.submit(AbstractExecutorService.java:145)
		at org.apache.catalina.core.ContainerBase.stopInternal(ContainerBase.java:976)
		at org.apache.catalina.util.LifecycleBase.stop(LifecycleBase.java:257)
		at org.apache.catalina.core.StandardService.stopInternal(StandardService.java:473)
		at org.apache.catalina.util.LifecycleBase.stop(LifecycleBase.java:257)
		at org.apache.catalina.core.StandardServer.stopInternal(StandardServer.java:992)
		at org.apache.catalina.util.LifecycleBase.stop(LifecycleBase.java:257)
		at org.apache.catalina.startup.Catalina.stop(Catalina.java:706)
		at org.apache.catalina.startup.Catalina$CatalinaShutdownHook.run(Catalina.java:803)
22-May-2024 11:52:08.063 INFORMAZIONI [Thread-3] org.apache.coyote.AbstractProtocol.stop Stopping ProtocolHandler ["http-nio-8080"]
22-May-2024 11:52:08.066 INFORMAZIONI [Thread-3] org.apache.coyote.AbstractProtocol.destroy Destroying ProtocolHandler ["http-nio-8080"]
22-May-2024 11:52:32.755 INFORMAZIONI [main] org.apache.catalina.startup.VersionLoggerListener.log Server version name:   Apache Tomcat/9.0.31
22-May-2024 11:52:32.761 INFORMAZIONI [main] org.apache.catalina.startup.VersionLoggerListener.log Server built:          Feb 5 2020 19:32:12 UTC
22-May-2024 11:52:32.761 INFORMAZIONI [main] org.apache.catalina.startup.VersionLoggerListener.log Server version number: 9.0.31.0
22-May-2024 11:52:32.761 INFORMAZIONI [main] org.apache.catalina.startup.VersionLoggerListener.log OS Name:               Windows 11
22-May-2024 11:52:32.761 INFORMAZIONI [main] org.apache.catalina.startup.VersionLoggerListener.log OS Version:            10.0
22-May-2024 11:52:32.761 INFORMAZIONI [main] org.apache.catalina.startup.VersionLoggerListener.log Architecture:          amd64
22-May-2024 11:52:32.761 INFORMAZIONI [main] org.apache.catalina.startup.VersionLoggerListener.log Java Home:             C:\Users\defil\.jdks\corretto-21.0.3
22-May-2024 11:52:32.762 INFORMAZIONI [main] org.apache.catalina.startup.VersionLoggerListener.log JVM Version:           21.0.3+9-LTS
22-May-2024 11:52:32.762 INFORMAZIONI [main] org.apache.catalina.startup.VersionLoggerListener.log JVM Vendor:            Amazon.com Inc.
22-May-2024 11:52:32.762 INFORMAZIONI [main] org.apache.catalina.startup.VersionLoggerListener.log CATALINA_BASE:         C:\Users\defil\Desktop\ECLIPSE, TOMCAT ECC\PROGETTO
22-May-2024 11:52:32.762 INFORMAZIONI [main] org.apache.catalina.startup.VersionLoggerListener.log CATALINA_HOME:         C:\Users\defil\Downloads\apache-tomcat-9.0.31\apache-tomcat-9.0.31
22-May-2024 11:52:32.774 INFORMAZIONI [main] org.apache.catalina.startup.VersionLoggerListener.log Command line argument: --add-opens=java.base/java.lang=ALL-UNNAMED
22-May-2024 11:52:32.774 INFORMAZIONI [main] org.apache.catalina.startup.VersionLoggerListener.log Command line argument: --add-opens=java.base/java.io=ALL-UNNAMED
22-May-2024 11:52:32.774 INFORMAZIONI [main] org.apache.catalina.startup.VersionLoggerListener.log Command line argument: --add-opens=java.base/java.util=ALL-UNNAMED
22-May-2024 11:52:32.774 INFORMAZIONI [main] org.apache.catalina.startup.VersionLoggerListener.log Command line argument: --add-opens=java.base/java.util.concurrent=ALL-UNNAMED
22-May-2024 11:52:32.774 INFORMAZIONI [main] org.apache.catalina.startup.VersionLoggerListener.log Command line argument: --add-opens=java.rmi/sun.rmi.transport=ALL-UNNAMED
22-May-2024 11:52:32.774 INFORMAZIONI [main] org.apache.catalina.startup.VersionLoggerListener.log Command line argument: -agentlib:jdwp=transport=dt_socket,address=127.0.0.1:59619,suspend=y,server=n
22-May-2024 11:52:32.775 INFORMAZIONI [main] org.apache.catalina.startup.VersionLoggerListener.log Command line argument: -Dcatalina.home=C:\Users\defil\Downloads\apache-tomcat-9.0.31\apache-tomcat-9.0.31
22-May-2024 11:52:32.775 INFORMAZIONI [main] org.apache.catalina.startup.VersionLoggerListener.log Command line argument: -Dcatalina.base=C:\Users\defil\Desktop\ECLIPSE, TOMCAT ECC\PROGETTO
22-May-2024 11:52:32.775 INFORMAZIONI [main] org.apache.catalina.startup.VersionLoggerListener.log Command line argument: -Djava.io.tmpdir=C:\Users\defil\Desktop\ECLIPSE, TOMCAT ECC\PROGETTO\temp
22-May-2024 11:52:32.775 INFORMAZIONI [main] org.apache.catalina.startup.VersionLoggerListener.log Command line argument: -Djava.util.logging.config.file=C:\Users\defil\Desktop\ECLIPSE, TOMCAT ECC\PROGETTO\conf\logging.properties
22-May-2024 11:52:32.775 INFORMAZIONI [main] org.apache.catalina.startup.VersionLoggerListener.log Command line argument: -Djava.util.logging.manager=org.apache.juli.ClassLoaderLogManager
22-May-2024 11:52:32.775 INFORMAZIONI [main] org.apache.catalina.startup.VersionLoggerListener.log Command line argument: -javaagent:C:\Users\defil\AppData\Local\JetBrains\IntelliJIdea2024.1\captureAgent\debugger-agent.jar
22-May-2024 11:52:32.775 INFORMAZIONI [main] org.apache.catalina.startup.VersionLoggerListener.log Command line argument: -Dfile.encoding=UTF-8
22-May-2024 11:52:32.775 INFORMAZIONI [main] org.apache.catalina.startup.VersionLoggerListener.log Command line argument: -Dsun.stdout.encoding=UTF-8
22-May-2024 11:52:32.775 INFORMAZIONI [main] org.apache.catalina.startup.VersionLoggerListener.log Command line argument: -Dsun.stderr.encoding=UTF-8
22-May-2024 11:52:32.775 INFORMAZIONI [main] org.apache.catalina.core.AprLifecycleListener.lifecycleEvent The APR based Apache Tomcat Native library which allows optimal performance in production environments was not found on the java.library.path: [C:\Users\defil\.jdks\corretto-21.0.3\bin;C:\WINDOWS\Sun\Java\bin;C:\WINDOWS\system32;C:\WINDOWS;C:\mingw64\bin;C:\Program Files\Common Files\Oracle\Java\javapath;C:\Program Files (x86)\Common Files\Oracle\Java\javapath;C:\WINDOWS\system32;C:\WINDOWS;C:\WINDOWS\System32\Wbem;C:\WINDOWS\System32\WindowsPowerShell\v1.0\;C:\WINDOWS\System32\OpenSSH\;C:\Users\defil\Desktop\ECLIPSE, TOMCAT ECC\APACHE_MAVEN_3.9.6\apache-maven-3.9.6\bin;C:\Users\defil\Downloads\apache-tomcat-9.0.31\apache-tomcat-9.0.31\bin;C:\Program Files\Git\cmd;C:\Program Files\MySQL\MySQL Shell 8.0\bin\;C:\Users\defil\AppData\Local\Microsoft\WindowsApps;C:\Users\defil\AppData\Local\Programs\Microsoft VS Code\bin;C:\Program Files\JetBrains\IntelliJ IDEA 2024.1\bin;;C:\Users\defil\AppData\Local\GitHubDesktop\bin;C:\Users\defil\Downloads\apache-tomcat-9.0.31\apache-tomcat-9.0.31\bin;;.]
22-May-2024 11:52:33.053 INFORMAZIONI [main] org.apache.coyote.AbstractProtocol.init Initializing ProtocolHandler ["http-nio-8080"]
22-May-2024 11:52:33.149 INFORMAZIONI [main] org.apache.catalina.startup.Catalina.load Server initialization in [648] milliseconds
22-May-2024 11:52:33.197 INFORMAZIONI [main] org.apache.catalina.core.StandardService.startInternal Starting service [Catalina]
22-May-2024 11:52:33.197 INFORMAZIONI [main] org.apache.catalina.core.StandardEngine.startInternal Starting Servlet engine: [Apache Tomcat/9.0.31]
22-May-2024 11:52:33.208 INFORMAZIONI [main] org.apache.catalina.startup.HostConfig.deployDescriptor Deploying deployment descriptor [C:\Users\defil\Desktop\ECLIPSE, TOMCAT ECC\PROGETTO\conf\Catalina\localhost\sito.xml]
22-May-2024 11:52:34.074 INFORMAZIONI [main] org.apache.jasper.servlet.TldScanner.scanJars At least one JAR was scanned for TLDs yet contained no TLDs. Enable debug logging for this logger for a complete list of JARs that were scanned but no TLDs were found in them. Skipping unneeded JARs during scanning can improve startup time and JSP compilation time.
22-May-2024 11:52:34.120 INFORMAZIONI [main] org.apache.catalina.startup.HostConfig.deployDescriptor Deployment of deployment descriptor [C:\Users\defil\Desktop\ECLIPSE, TOMCAT ECC\PROGETTO\conf\Catalina\localhost\sito.xml] has finished in [911] ms
22-May-2024 11:52:34.123 INFORMAZIONI [main] org.apache.coyote.AbstractProtocol.start Starting ProtocolHandler ["http-nio-8080"]
22-May-2024 11:52:34.130 INFORMAZIONI [main] org.apache.catalina.startup.Catalina.start Server startup in [979] milliseconds
22-May-2024 13:01:55.938 INFORMAZIONI [Thread-3] org.apache.coyote.AbstractProtocol.pause Pausing ProtocolHandler ["http-nio-8080"]
22-May-2024 13:01:55.946 INFORMAZIONI [Thread-3] org.apache.catalina.core.StandardService.stopInternal Stopping service [Catalina]
22-May-2024 13:01:55.953 AVVERTENZA [Thread-3] org.apache.catalina.loader.WebappClassLoaderBase.clearReferencesJdbc The web application [sito] registered the JDBC driver [com.mysql.cj.jdbc.Driver] but failed to unregister it when the web application was stopped. To prevent a memory leak, the JDBC Driver has been forcibly unregistered.
22-May-2024 13:01:55.953 AVVERTENZA [Thread-3] org.apache.catalina.loader.WebappClassLoaderBase.clearReferencesThreads The web application [sito] appears to have started a thread named [mysql-cj-abandoned-connection-cleanup] but has failed to stop it. This is very likely to create a memory leak. Stack trace of thread:
 java.base/jdk.internal.misc.Unsafe.park(Native Method)
 java.base/java.util.concurrent.locks.LockSupport.parkNanos(LockSupport.java:269)
 java.base/java.util.concurrent.locks.AbstractQueuedSynchronizer$ConditionObject.await(AbstractQueuedSynchronizer.java:1847)
 java.base/java.lang.ref.ReferenceQueue.await(ReferenceQueue.java:71)
 java.base/java.lang.ref.ReferenceQueue.remove0(ReferenceQueue.java:143)
 java.base/java.lang.ref.ReferenceQueue.remove(ReferenceQueue.java:218)
 com.mysql.cj.jdbc.AbandonedConnectionCleanupThread.run(AbandonedConnectionCleanupThread.java:93)
 java.base/java.util.concurrent.ThreadPoolExecutor.runWorker(ThreadPoolExecutor.java:1144)
 java.base/java.util.concurrent.ThreadPoolExecutor$Worker.run(ThreadPoolExecutor.java:642)
 java.base/java.lang.Thread.run(Thread.java:1583)
22-May-2024 13:01:55.954 AVVERTENZA [Thread-3] org.apache.catalina.loader.WebappClassLoaderBase.clearReferencesObjectStreamClassCaches Failed to clear soft references from ObjectStreamClass$Caches for web application [sito]
	java.lang.ClassCastException: class java.io.ObjectStreamClass$Caches$1 cannot be cast to class java.util.Map (java.io.ObjectStreamClass$Caches$1 and java.util.Map are in module java.base of loader 'bootstrap')
		at org.apache.catalina.loader.WebappClassLoaderBase.clearCache(WebappClassLoaderBase.java:2269)
		at org.apache.catalina.loader.WebappClassLoaderBase.clearReferencesObjectStreamClassCaches(WebappClassLoaderBase.java:2256)
		at org.apache.catalina.loader.WebappClassLoaderBase.clearReferences(WebappClassLoaderBase.java:1627)
		at org.apache.catalina.loader.WebappClassLoaderBase.stop(WebappClassLoaderBase.java:1555)
		at org.apache.catalina.loader.WebappLoader.stopInternal(WebappLoader.java:443)
		at org.apache.catalina.util.LifecycleBase.stop(LifecycleBase.java:257)
		at org.apache.catalina.core.StandardContext.stopInternal(StandardContext.java:5432)
		at org.apache.catalina.util.LifecycleBase.stop(LifecycleBase.java:257)
		at org.apache.catalina.core.ContainerBase$StopChild.call(ContainerBase.java:1400)
		at org.apache.catalina.core.ContainerBase$StopChild.call(ContainerBase.java:1389)
		at java.base/java.util.concurrent.FutureTask.run$$$capture(FutureTask.java:317)
		at java.base/java.util.concurrent.FutureTask.run(FutureTask.java)
		at org.apache.tomcat.util.threads.InlineExecutorService.execute(InlineExecutorService.java:75)
		at java.base/java.util.concurrent.AbstractExecutorService.submit(AbstractExecutorService.java:145)
		at org.apache.catalina.core.ContainerBase.stopInternal(ContainerBase.java:976)
		at org.apache.catalina.util.LifecycleBase.stop(LifecycleBase.java:257)
		at org.apache.catalina.core.ContainerBase$StopChild.call(ContainerBase.java:1400)
		at org.apache.catalina.core.ContainerBase$StopChild.call(ContainerBase.java:1389)
		at java.base/java.util.concurrent.FutureTask.run$$$capture(FutureTask.java:317)
		at java.base/java.util.concurrent.FutureTask.run(FutureTask.java)
		at org.apache.tomcat.util.threads.InlineExecutorService.execute(InlineExecutorService.java:75)
		at java.base/java.util.concurrent.AbstractExecutorService.submit(AbstractExecutorService.java:145)
		at org.apache.catalina.core.ContainerBase.stopInternal(ContainerBase.java:976)
		at org.apache.catalina.util.LifecycleBase.stop(LifecycleBase.java:257)
		at org.apache.catalina.core.StandardService.stopInternal(StandardService.java:473)
		at org.apache.catalina.util.LifecycleBase.stop(LifecycleBase.java:257)
		at org.apache.catalina.core.StandardServer.stopInternal(StandardServer.java:992)
		at org.apache.catalina.util.LifecycleBase.stop(LifecycleBase.java:257)
		at org.apache.catalina.startup.Catalina.stop(Catalina.java:706)
		at org.apache.catalina.startup.Catalina$CatalinaShutdownHook.run(Catalina.java:803)
22-May-2024 13:01:55.960 INFORMAZIONI [Thread-3] org.apache.coyote.AbstractProtocol.stop Stopping ProtocolHandler ["http-nio-8080"]
22-May-2024 13:01:55.963 INFORMAZIONI [Thread-3] org.apache.coyote.AbstractProtocol.destroy Destroying ProtocolHandler ["http-nio-8080"]
22-May-2024 13:13:58.324 INFORMAZIONI [main] org.apache.catalina.startup.VersionLoggerListener.log Server version name:   Apache Tomcat/9.0.31
22-May-2024 13:13:58.328 INFORMAZIONI [main] org.apache.catalina.startup.VersionLoggerListener.log Server built:          Feb 5 2020 19:32:12 UTC
22-May-2024 13:13:58.328 INFORMAZIONI [main] org.apache.catalina.startup.VersionLoggerListener.log Server version number: 9.0.31.0
22-May-2024 13:13:58.328 INFORMAZIONI [main] org.apache.catalina.startup.VersionLoggerListener.log OS Name:               Windows 11
22-May-2024 13:13:58.328 INFORMAZIONI [main] org.apache.catalina.startup.VersionLoggerListener.log OS Version:            10.0
22-May-2024 13:13:58.328 INFORMAZIONI [main] org.apache.catalina.startup.VersionLoggerListener.log Architecture:          amd64
22-May-2024 13:13:58.328 INFORMAZIONI [main] org.apache.catalina.startup.VersionLoggerListener.log Java Home:             C:\Users\defil\.jdks\corretto-21.0.3
22-May-2024 13:13:58.329 INFORMAZIONI [main] org.apache.catalina.startup.VersionLoggerListener.log JVM Version:           21.0.3+9-LTS
22-May-2024 13:13:58.329 INFORMAZIONI [main] org.apache.catalina.startup.VersionLoggerListener.log JVM Vendor:            Amazon.com Inc.
22-May-2024 13:13:58.329 INFORMAZIONI [main] org.apache.catalina.startup.VersionLoggerListener.log CATALINA_BASE:         C:\Users\defil\Desktop\ECLIPSE, TOMCAT ECC\PROGETTO
22-May-2024 13:13:58.329 INFORMAZIONI [main] org.apache.catalina.startup.VersionLoggerListener.log CATALINA_HOME:         C:\Users\defil\Downloads\apache-tomcat-9.0.31\apache-tomcat-9.0.31
22-May-2024 13:13:58.336 INFORMAZIONI [main] org.apache.catalina.startup.VersionLoggerListener.log Command line argument: --add-opens=java.base/java.lang=ALL-UNNAMED
22-May-2024 13:13:58.336 INFORMAZIONI [main] org.apache.catalina.startup.VersionLoggerListener.log Command line argument: --add-opens=java.base/java.io=ALL-UNNAMED
22-May-2024 13:13:58.336 INFORMAZIONI [main] org.apache.catalina.startup.VersionLoggerListener.log Command line argument: --add-opens=java.base/java.util=ALL-UNNAMED
22-May-2024 13:13:58.337 INFORMAZIONI [main] org.apache.catalina.startup.VersionLoggerListener.log Command line argument: --add-opens=java.base/java.util.concurrent=ALL-UNNAMED
22-May-2024 13:13:58.337 INFORMAZIONI [main] org.apache.catalina.startup.VersionLoggerListener.log Command line argument: --add-opens=java.rmi/sun.rmi.transport=ALL-UNNAMED
22-May-2024 13:13:58.337 INFORMAZIONI [main] org.apache.catalina.startup.VersionLoggerListener.log Command line argument: -Dcatalina.home=C:\Users\defil\Downloads\apache-tomcat-9.0.31\apache-tomcat-9.0.31
22-May-2024 13:13:58.337 INFORMAZIONI [main] org.apache.catalina.startup.VersionLoggerListener.log Command line argument: -Dcatalina.base=C:\Users\defil\Desktop\ECLIPSE, TOMCAT ECC\PROGETTO
22-May-2024 13:13:58.337 INFORMAZIONI [main] org.apache.catalina.startup.VersionLoggerListener.log Command line argument: -Djava.io.tmpdir=C:\Users\defil\Desktop\ECLIPSE, TOMCAT ECC\PROGETTO\temp
22-May-2024 13:13:58.337 INFORMAZIONI [main] org.apache.catalina.startup.VersionLoggerListener.log Command line argument: -Djava.util.logging.config.file=C:\Users\defil\Desktop\ECLIPSE, TOMCAT ECC\PROGETTO\conf\logging.properties
22-May-2024 13:13:58.337 INFORMAZIONI [main] org.apache.catalina.startup.VersionLoggerListener.log Command line argument: -Djava.util.logging.manager=org.apache.juli.ClassLoaderLogManager
22-May-2024 13:13:58.337 INFORMAZIONI [main] org.apache.catalina.startup.VersionLoggerListener.log Command line argument: -javaagent:C:\Program Files\JetBrains\IntelliJ IDEA 2024.1\lib\idea_rt.jar=55406:C:\Program Files\JetBrains\IntelliJ IDEA 2024.1\bin
22-May-2024 13:13:58.337 INFORMAZIONI [main] org.apache.catalina.startup.VersionLoggerListener.log Command line argument: -Dfile.encoding=UTF-8
22-May-2024 13:13:58.337 INFORMAZIONI [main] org.apache.catalina.startup.VersionLoggerListener.log Command line argument: -Dsun.stdout.encoding=UTF-8
22-May-2024 13:13:58.337 INFORMAZIONI [main] org.apache.catalina.startup.VersionLoggerListener.log Command line argument: -Dsun.stderr.encoding=UTF-8
22-May-2024 13:13:58.338 INFORMAZIONI [main] org.apache.catalina.core.AprLifecycleListener.lifecycleEvent The APR based Apache Tomcat Native library which allows optimal performance in production environments was not found on the java.library.path: [C:\Users\defil\.jdks\corretto-21.0.3\bin;C:\WINDOWS\Sun\Java\bin;C:\WINDOWS\system32;C:\WINDOWS;C:\mingw64\bin;C:\Program Files\Common Files\Oracle\Java\javapath;C:\Program Files (x86)\Common Files\Oracle\Java\javapath;C:\WINDOWS\system32;C:\WINDOWS;C:\WINDOWS\System32\Wbem;C:\WINDOWS\System32\WindowsPowerShell\v1.0\;C:\WINDOWS\System32\OpenSSH\;C:\Users\defil\Desktop\ECLIPSE, TOMCAT ECC\APACHE_MAVEN_3.9.6\apache-maven-3.9.6\bin;C:\Users\defil\Downloads\apache-tomcat-9.0.31\apache-tomcat-9.0.31\bin;C:\Program Files\Git\cmd;C:\Program Files\MySQL\MySQL Shell 8.0\bin\;C:\Users\defil\AppData\Local\Microsoft\WindowsApps;C:\Users\defil\AppData\Local\Programs\Microsoft VS Code\bin;C:\Program Files\JetBrains\IntelliJ IDEA 2024.1\bin;;C:\Users\defil\AppData\Local\GitHubDesktop\bin;C:\Users\defil\Downloads\apache-tomcat-9.0.31\apache-tomcat-9.0.31\bin;;.]
22-May-2024 13:13:58.598 INFORMAZIONI [main] org.apache.coyote.AbstractProtocol.init Initializing ProtocolHandler ["http-nio-8080"]
22-May-2024 13:13:58.697 INFORMAZIONI [main] org.apache.catalina.startup.Catalina.load Server initialization in [515] milliseconds
22-May-2024 13:13:58.735 INFORMAZIONI [main] org.apache.catalina.core.StandardService.startInternal Starting service [Catalina]
22-May-2024 13:13:58.735 INFORMAZIONI [main] org.apache.catalina.core.StandardEngine.startInternal Starting Servlet engine: [Apache Tomcat/9.0.31]
22-May-2024 13:13:58.744 INFORMAZIONI [main] org.apache.catalina.startup.HostConfig.deployDescriptor Deploying deployment descriptor [C:\Users\defil\Desktop\ECLIPSE, TOMCAT ECC\PROGETTO\conf\Catalina\localhost\sito.xml]
22-May-2024 13:13:59.467 INFORMAZIONI [main] org.apache.jasper.servlet.TldScanner.scanJars At least one JAR was scanned for TLDs yet contained no TLDs. Enable debug logging for this logger for a complete list of JARs that were scanned but no TLDs were found in them. Skipping unneeded JARs during scanning can improve startup time and JSP compilation time.
22-May-2024 13:13:59.495 INFORMAZIONI [main] org.apache.catalina.startup.HostConfig.deployDescriptor Deployment of deployment descriptor [C:\Users\defil\Desktop\ECLIPSE, TOMCAT ECC\PROGETTO\conf\Catalina\localhost\sito.xml] has finished in [751] ms
22-May-2024 13:13:59.497 INFORMAZIONI [main] org.apache.coyote.AbstractProtocol.start Starting ProtocolHandler ["http-nio-8080"]
22-May-2024 13:13:59.503 INFORMAZIONI [main] org.apache.catalina.startup.Catalina.start Server startup in [805] milliseconds
22-May-2024 13:25:27.836 INFORMAZIONI [Thread-3] org.apache.coyote.AbstractProtocol.pause Pausing ProtocolHandler ["http-nio-8080"]
22-May-2024 13:25:27.838 INFORMAZIONI [Thread-3] org.apache.catalina.core.StandardService.stopInternal Stopping service [Catalina]
22-May-2024 13:25:27.854 AVVERTENZA [Thread-3] org.apache.catalina.loader.WebappClassLoaderBase.clearReferencesJdbc The web application [sito] registered the JDBC driver [com.mysql.cj.jdbc.Driver] but failed to unregister it when the web application was stopped. To prevent a memory leak, the JDBC Driver has been forcibly unregistered.
22-May-2024 13:25:27.854 AVVERTENZA [Thread-3] org.apache.catalina.loader.WebappClassLoaderBase.clearReferencesThreads The web application [sito] appears to have started a thread named [mysql-cj-abandoned-connection-cleanup] but has failed to stop it. This is very likely to create a memory leak. Stack trace of thread:
 java.base/jdk.internal.misc.Unsafe.park(Native Method)
 java.base/java.util.concurrent.locks.LockSupport.parkNanos(LockSupport.java:269)
 java.base/java.util.concurrent.locks.AbstractQueuedSynchronizer$ConditionObject.await(AbstractQueuedSynchronizer.java:1847)
 java.base/java.lang.ref.ReferenceQueue.await(ReferenceQueue.java:71)
 java.base/java.lang.ref.ReferenceQueue.remove0(ReferenceQueue.java:143)
 java.base/java.lang.ref.ReferenceQueue.remove(ReferenceQueue.java:218)
 com.mysql.cj.jdbc.AbandonedConnectionCleanupThread.run(AbandonedConnectionCleanupThread.java:93)
 java.base/java.util.concurrent.ThreadPoolExecutor.runWorker(ThreadPoolExecutor.java:1144)
 java.base/java.util.concurrent.ThreadPoolExecutor$Worker.run(ThreadPoolExecutor.java:642)
 java.base/java.lang.Thread.run(Thread.java:1583)
22-May-2024 13:25:27.855 AVVERTENZA [Thread-3] org.apache.catalina.loader.WebappClassLoaderBase.clearReferencesObjectStreamClassCaches Failed to clear soft references from ObjectStreamClass$Caches for web application [sito]
	java.lang.ClassCastException: class java.io.ObjectStreamClass$Caches$1 cannot be cast to class java.util.Map (java.io.ObjectStreamClass$Caches$1 and java.util.Map are in module java.base of loader 'bootstrap')
		at org.apache.catalina.loader.WebappClassLoaderBase.clearCache(WebappClassLoaderBase.java:2269)
		at org.apache.catalina.loader.WebappClassLoaderBase.clearReferencesObjectStreamClassCaches(WebappClassLoaderBase.java:2256)
		at org.apache.catalina.loader.WebappClassLoaderBase.clearReferences(WebappClassLoaderBase.java:1627)
		at org.apache.catalina.loader.WebappClassLoaderBase.stop(WebappClassLoaderBase.java:1555)
		at org.apache.catalina.loader.WebappLoader.stopInternal(WebappLoader.java:443)
		at org.apache.catalina.util.LifecycleBase.stop(LifecycleBase.java:257)
		at org.apache.catalina.core.StandardContext.stopInternal(StandardContext.java:5432)
		at org.apache.catalina.util.LifecycleBase.stop(LifecycleBase.java:257)
		at org.apache.catalina.core.ContainerBase$StopChild.call(ContainerBase.java:1400)
		at org.apache.catalina.core.ContainerBase$StopChild.call(ContainerBase.java:1389)
		at java.base/java.util.concurrent.FutureTask.run(FutureTask.java:317)
		at org.apache.tomcat.util.threads.InlineExecutorService.execute(InlineExecutorService.java:75)
		at java.base/java.util.concurrent.AbstractExecutorService.submit(AbstractExecutorService.java:145)
		at org.apache.catalina.core.ContainerBase.stopInternal(ContainerBase.java:976)
		at org.apache.catalina.util.LifecycleBase.stop(LifecycleBase.java:257)
		at org.apache.catalina.core.ContainerBase$StopChild.call(ContainerBase.java:1400)
		at org.apache.catalina.core.ContainerBase$StopChild.call(ContainerBase.java:1389)
		at java.base/java.util.concurrent.FutureTask.run(FutureTask.java:317)
		at org.apache.tomcat.util.threads.InlineExecutorService.execute(InlineExecutorService.java:75)
		at java.base/java.util.concurrent.AbstractExecutorService.submit(AbstractExecutorService.java:145)
		at org.apache.catalina.core.ContainerBase.stopInternal(ContainerBase.java:976)
		at org.apache.catalina.util.LifecycleBase.stop(LifecycleBase.java:257)
		at org.apache.catalina.core.StandardService.stopInternal(StandardService.java:473)
		at org.apache.catalina.util.LifecycleBase.stop(LifecycleBase.java:257)
		at org.apache.catalina.core.StandardServer.stopInternal(StandardServer.java:992)
		at org.apache.catalina.util.LifecycleBase.stop(LifecycleBase.java:257)
		at org.apache.catalina.startup.Catalina.stop(Catalina.java:706)
		at org.apache.catalina.startup.Catalina$CatalinaShutdownHook.run(Catalina.java:803)
22-May-2024 13:25:27.859 INFORMAZIONI [Thread-3] org.apache.coyote.AbstractProtocol.stop Stopping ProtocolHandler ["http-nio-8080"]
22-May-2024 13:25:27.860 INFORMAZIONI [Thread-3] org.apache.coyote.AbstractProtocol.destroy Destroying ProtocolHandler ["http-nio-8080"]
