23-May-2024 09:05:48.564 INFORMAZIONI [main] org.apache.catalina.startup.VersionLoggerListener.log Server version name:   Apache Tomcat/9.0.31
23-May-2024 09:05:48.567 INFORMAZIONI [main] org.apache.catalina.startup.VersionLoggerListener.log Server built:          Feb 5 2020 19:32:12 UTC
23-May-2024 09:05:48.567 INFORMAZIONI [main] org.apache.catalina.startup.VersionLoggerListener.log Server version number: 9.0.31.0
23-May-2024 09:05:48.567 INFORMAZIONI [main] org.apache.catalina.startup.VersionLoggerListener.log OS Name:               Windows 11
23-May-2024 09:05:48.567 INFORMAZIONI [main] org.apache.catalina.startup.VersionLoggerListener.log OS Version:            10.0
23-May-2024 09:05:48.567 INFORMAZIONI [main] org.apache.catalina.startup.VersionLoggerListener.log Architecture:          amd64
23-May-2024 09:05:48.568 INFORMAZIONI [main] org.apache.catalina.startup.VersionLoggerListener.log Java Home:             C:\Users\defil\.jdks\corretto-21.0.3
23-May-2024 09:05:48.568 INFORMAZIONI [main] org.apache.catalina.startup.VersionLoggerListener.log JVM Version:           21.0.3+9-LTS
23-May-2024 09:05:48.568 INFORMAZIONI [main] org.apache.catalina.startup.VersionLoggerListener.log JVM Vendor:            Amazon.com Inc.
23-May-2024 09:05:48.568 INFORMAZIONI [main] org.apache.catalina.startup.VersionLoggerListener.log CATALINA_BASE:         C:\Users\defil\Desktop\ECLIPSE, TOMCAT ECC\PROGETTO
23-May-2024 09:05:48.568 INFORMAZIONI [main] org.apache.catalina.startup.VersionLoggerListener.log CATALINA_HOME:         C:\Users\defil\Downloads\apache-tomcat-9.0.31\apache-tomcat-9.0.31
23-May-2024 09:05:48.576 INFORMAZIONI [main] org.apache.catalina.startup.VersionLoggerListener.log Command line argument: --add-opens=java.base/java.lang=ALL-UNNAMED
23-May-2024 09:05:48.576 INFORMAZIONI [main] org.apache.catalina.startup.VersionLoggerListener.log Command line argument: --add-opens=java.base/java.io=ALL-UNNAMED
23-May-2024 09:05:48.576 INFORMAZIONI [main] org.apache.catalina.startup.VersionLoggerListener.log Command line argument: --add-opens=java.base/java.util=ALL-UNNAMED
23-May-2024 09:05:48.576 INFORMAZIONI [main] org.apache.catalina.startup.VersionLoggerListener.log Command line argument: --add-opens=java.base/java.util.concurrent=ALL-UNNAMED
23-May-2024 09:05:48.576 INFORMAZIONI [main] org.apache.catalina.startup.VersionLoggerListener.log Command line argument: --add-opens=java.rmi/sun.rmi.transport=ALL-UNNAMED
23-May-2024 09:05:48.576 INFORMAZIONI [main] org.apache.catalina.startup.VersionLoggerListener.log Command line argument: -Dcatalina.home=C:\Users\defil\Downloads\apache-tomcat-9.0.31\apache-tomcat-9.0.31
23-May-2024 09:05:48.576 INFORMAZIONI [main] org.apache.catalina.startup.VersionLoggerListener.log Command line argument: -Dcatalina.base=C:\Users\defil\Desktop\ECLIPSE, TOMCAT ECC\PROGETTO
23-May-2024 09:05:48.576 INFORMAZIONI [main] org.apache.catalina.startup.VersionLoggerListener.log Command line argument: -Djava.io.tmpdir=C:\Users\defil\Desktop\ECLIPSE, TOMCAT ECC\PROGETTO\temp
23-May-2024 09:05:48.577 INFORMAZIONI [main] org.apache.catalina.startup.VersionLoggerListener.log Command line argument: -Djava.util.logging.config.file=C:\Users\defil\Desktop\ECLIPSE, TOMCAT ECC\PROGETTO\conf\logging.properties
23-May-2024 09:05:48.577 INFORMAZIONI [main] org.apache.catalina.startup.VersionLoggerListener.log Command line argument: -Djava.util.logging.manager=org.apache.juli.ClassLoaderLogManager
23-May-2024 09:05:48.577 INFORMAZIONI [main] org.apache.catalina.startup.VersionLoggerListener.log Command line argument: -javaagent:C:\Program Files\JetBrains\IntelliJ IDEA 2024.1\lib\idea_rt.jar=51383:C:\Program Files\JetBrains\IntelliJ IDEA 2024.1\bin
23-May-2024 09:05:48.577 INFORMAZIONI [main] org.apache.catalina.startup.VersionLoggerListener.log Command line argument: -Dfile.encoding=UTF-8
23-May-2024 09:05:48.577 INFORMAZIONI [main] org.apache.catalina.startup.VersionLoggerListener.log Command line argument: -Dsun.stdout.encoding=UTF-8
23-May-2024 09:05:48.577 INFORMAZIONI [main] org.apache.catalina.startup.VersionLoggerListener.log Command line argument: -Dsun.stderr.encoding=UTF-8
23-May-2024 09:05:48.577 INFORMAZIONI [main] org.apache.catalina.core.AprLifecycleListener.lifecycleEvent The APR based Apache Tomcat Native library which allows optimal performance in production environments was not found on the java.library.path: [C:\Users\defil\.jdks\corretto-21.0.3\bin;C:\WINDOWS\Sun\Java\bin;C:\WINDOWS\system32;C:\WINDOWS;C:\mingw64\bin;C:\Program Files\Common Files\Oracle\Java\javapath;C:\Program Files (x86)\Common Files\Oracle\Java\javapath;C:\WINDOWS\system32;C:\WINDOWS;C:\WINDOWS\System32\Wbem;C:\WINDOWS\System32\WindowsPowerShell\v1.0\;C:\WINDOWS\System32\OpenSSH\;C:\Users\defil\Desktop\ECLIPSE, TOMCAT ECC\APACHE_MAVEN_3.9.6\apache-maven-3.9.6\bin;C:\Users\defil\Downloads\apache-tomcat-9.0.31\apache-tomcat-9.0.31\bin;C:\Program Files\Git\cmd;C:\Program Files\MySQL\MySQL Shell 8.0\bin\;C:\Users\defil\AppData\Local\Microsoft\WindowsApps;C:\Users\defil\AppData\Local\Programs\Microsoft VS Code\bin;C:\Program Files\JetBrains\IntelliJ IDEA 2024.1\bin;;C:\Users\defil\AppData\Local\GitHubDesktop\bin;C:\Users\defil\Downloads\apache-tomcat-9.0.31\apache-tomcat-9.0.31\bin;;.]
23-May-2024 09:05:48.912 INFORMAZIONI [main] org.apache.coyote.AbstractProtocol.init Initializing ProtocolHandler ["http-nio-8080"]
23-May-2024 09:05:48.977 INFORMAZIONI [main] org.apache.catalina.startup.Catalina.load Server initialization in [629] milliseconds
23-May-2024 09:05:49.013 INFORMAZIONI [main] org.apache.catalina.core.StandardService.startInternal Starting service [Catalina]
23-May-2024 09:05:49.014 INFORMAZIONI [main] org.apache.catalina.core.StandardEngine.startInternal Starting Servlet engine: [Apache Tomcat/9.0.31]
23-May-2024 09:05:49.023 INFORMAZIONI [main] org.apache.catalina.startup.HostConfig.deployDescriptor Deploying deployment descriptor [C:\Users\defil\Desktop\ECLIPSE, TOMCAT ECC\PROGETTO\conf\Catalina\localhost\sito.xml]
23-May-2024 09:05:49.989 INFORMAZIONI [main] org.apache.jasper.servlet.TldScanner.scanJars At least one JAR was scanned for TLDs yet contained no TLDs. Enable debug logging for this logger for a complete list of JARs that were scanned but no TLDs were found in them. Skipping unneeded JARs during scanning can improve startup time and JSP compilation time.
23-May-2024 09:05:50.042 INFORMAZIONI [main] org.apache.catalina.startup.HostConfig.deployDescriptor Deployment of deployment descriptor [C:\Users\defil\Desktop\ECLIPSE, TOMCAT ECC\PROGETTO\conf\Catalina\localhost\sito.xml] has finished in [1,018] ms
23-May-2024 09:05:50.044 INFORMAZIONI [main] org.apache.coyote.AbstractProtocol.start Starting ProtocolHandler ["http-nio-8080"]
23-May-2024 09:05:50.052 INFORMAZIONI [main] org.apache.catalina.startup.Catalina.start Server startup in [1,074] milliseconds
