17-May-2024 14:30:05.420 INFO [main] org.apache.catalina.startup.VersionLoggerListener.log Server version name:   Apache Tomcat/9.0.31
17-May-2024 14:30:05.428 INFO [main] org.apache.catalina.startup.VersionLoggerListener.log Server built:          Feb 5 2020 19:32:12 UTC
17-May-2024 14:30:05.429 INFO [main] org.apache.catalina.startup.VersionLoggerListener.log Server version number: 9.0.31.0
17-May-2024 14:30:05.429 INFO [main] org.apache.catalina.startup.VersionLoggerListener.log OS Name:               Windows 11
17-May-2024 14:30:05.430 INFO [main] org.apache.catalina.startup.VersionLoggerListener.log OS Version:            10.0
17-May-2024 14:30:05.430 INFO [main] org.apache.catalina.startup.VersionLoggerListener.log Architecture:          amd64
17-May-2024 14:30:05.430 INFO [main] org.apache.catalina.startup.VersionLoggerListener.log Java Home:             C:\Program Files\Java\jdk-11
17-May-2024 14:30:05.430 INFO [main] org.apache.catalina.startup.VersionLoggerListener.log JVM Version:           11.0.22+9-LTS-219
17-May-2024 14:30:05.430 INFO [main] org.apache.catalina.startup.VersionLoggerListener.log JVM Vendor:            Oracle Corporation
17-May-2024 14:30:05.430 INFO [main] org.apache.catalina.startup.VersionLoggerListener.log CATALINA_BASE:         C:\Users\defil\Desktop\ECLIPSE, TOMCAT ECC\PROGETTO
17-May-2024 14:30:05.430 INFO [main] org.apache.catalina.startup.VersionLoggerListener.log CATALINA_HOME:         C:\Users\defil\Downloads\apache-tomcat-9.0.31\apache-tomcat-9.0.31
17-May-2024 14:30:05.443 INFO [main] org.apache.catalina.startup.VersionLoggerListener.log Command line argument: --add-opens=java.base/java.lang=ALL-UNNAMED
17-May-2024 14:30:05.443 INFO [main] org.apache.catalina.startup.VersionLoggerListener.log Command line argument: --add-opens=java.base/java.io=ALL-UNNAMED
17-May-2024 14:30:05.443 INFO [main] org.apache.catalina.startup.VersionLoggerListener.log Command line argument: --add-opens=java.base/java.util=ALL-UNNAMED
17-May-2024 14:30:05.443 INFO [main] org.apache.catalina.startup.VersionLoggerListener.log Command line argument: --add-opens=java.base/java.util.concurrent=ALL-UNNAMED
17-May-2024 14:30:05.444 INFO [main] org.apache.catalina.startup.VersionLoggerListener.log Command line argument: --add-opens=java.rmi/sun.rmi.transport=ALL-UNNAMED
17-May-2024 14:30:05.444 INFO [main] org.apache.catalina.startup.VersionLoggerListener.log Command line argument: -Dcatalina.home=C:\Users\defil\Downloads\apache-tomcat-9.0.31\apache-tomcat-9.0.31
17-May-2024 14:30:05.444 INFO [main] org.apache.catalina.startup.VersionLoggerListener.log Command line argument: -Dcatalina.base=C:\Users\defil\Desktop\ECLIPSE, TOMCAT ECC\PROGETTO
17-May-2024 14:30:05.444 INFO [main] org.apache.catalina.startup.VersionLoggerListener.log Command line argument: -Djava.io.tmpdir=C:\Users\defil\Desktop\ECLIPSE, TOMCAT ECC\PROGETTO\temp
17-May-2024 14:30:05.444 INFO [main] org.apache.catalina.startup.VersionLoggerListener.log Command line argument: -Djava.util.logging.config.file=C:\Users\defil\Desktop\ECLIPSE, TOMCAT ECC\PROGETTO\conf\logging.properties
17-May-2024 14:30:05.444 INFO [main] org.apache.catalina.startup.VersionLoggerListener.log Command line argument: -Djava.util.logging.manager=org.apache.juli.ClassLoaderLogManager
17-May-2024 14:30:05.444 INFO [main] org.apache.catalina.startup.VersionLoggerListener.log Command line argument: -javaagent:C:\Program Files\JetBrains\IntelliJ IDEA 2024.1\lib\idea_rt.jar=52194:C:\Program Files\JetBrains\IntelliJ IDEA 2024.1\bin
17-May-2024 14:30:05.444 INFO [main] org.apache.catalina.startup.VersionLoggerListener.log Command line argument: -Dfile.encoding=UTF-8
17-May-2024 14:30:05.445 INFO [main] org.apache.catalina.core.AprLifecycleListener.lifecycleEvent The APR based Apache Tomcat Native library which allows optimal performance in production environments was not found on the java.library.path: [C:\Program Files\Java\jdk-11\bin;C:\WINDOWS\Sun\Java\bin;C:\WINDOWS\system32;C:\WINDOWS;C:\mingw64\bin;C:\Program Files\Common Files\Oracle\Java\javapath;C:\Program Files (x86)\Common Files\Oracle\Java\javapath;C:\WINDOWS\system32;C:\WINDOWS;C:\WINDOWS\System32\Wbem;C:\WINDOWS\System32\WindowsPowerShell\v1.0\;C:\WINDOWS\System32\OpenSSH\;C:\Users\defil\Desktop\ECLIPSE, TOMCAT ECC\APACHE_MAVEN_3.9.6\apache-maven-3.9.6\bin;C:\Users\defil\Downloads\apache-tomcat-9.0.31\apache-tomcat-9.0.31\bin;C:\Program Files\Git\cmd;C:\Program Files\MySQL\MySQL Shell 8.0\bin\;C:\Users\defil\AppData\Local\Microsoft\WindowsApps;C:\Users\defil\AppData\Local\Programs\Microsoft VS Code\bin;C:\Program Files\JetBrains\IntelliJ IDEA 2024.1\bin;;C:\Users\defil\AppData\Local\GitHubDesktop\bin;C:\Users\defil\Downloads\apache-tomcat-9.0.31\apache-tomcat-9.0.31\bin;;.]
17-May-2024 14:30:05.733 INFO [main] org.apache.coyote.AbstractProtocol.init Initializing ProtocolHandler ["http-nio-8080"]
17-May-2024 14:30:05.872 INFO [main] org.apache.catalina.startup.Catalina.load Server initialization in [727] milliseconds
17-May-2024 14:30:05.933 INFO [main] org.apache.catalina.core.StandardService.startInternal Starting service [Catalina]
17-May-2024 14:30:05.933 INFO [main] org.apache.catalina.core.StandardEngine.startInternal Starting Servlet engine: [Apache Tomcat/9.0.31]
17-May-2024 14:30:05.946 INFO [main] org.apache.catalina.startup.HostConfig.deployDescriptor Deploying deployment descriptor [C:\Users\defil\Desktop\ECLIPSE, TOMCAT ECC\PROGETTO\conf\Catalina\localhost\sito.xml]
17-May-2024 14:30:06.535 INFO [main] org.apache.jasper.servlet.TldScanner.scanJars At least one JAR was scanned for TLDs yet contained no TLDs. Enable debug logging for this logger for a complete list of JARs that were scanned but no TLDs were found in them. Skipping unneeded JARs during scanning can improve startup time and JSP compilation time.
17-May-2024 14:30:06.636 INFO [main] org.apache.catalina.startup.HostConfig.deployDescriptor Deployment of deployment descriptor [C:\Users\defil\Desktop\ECLIPSE, TOMCAT ECC\PROGETTO\conf\Catalina\localhost\sito.xml] has finished in [691] ms
17-May-2024 14:30:06.640 INFO [main] org.apache.coyote.AbstractProtocol.start Starting ProtocolHandler ["http-nio-8080"]
17-May-2024 14:30:06.647 INFO [main] org.apache.catalina.startup.Catalina.start Server startup in [773] milliseconds
17-May-2024 14:37:15.390 INFO [Thread-3] org.apache.coyote.AbstractProtocol.pause Pausing ProtocolHandler ["http-nio-8080"]
17-May-2024 14:37:15.480 INFO [Thread-3] org.apache.catalina.core.StandardService.stopInternal Stopping service [Catalina]
17-May-2024 14:37:15.494 WARNING [Thread-3] org.apache.catalina.loader.WebappClassLoaderBase.clearReferencesJdbc The web application [sito] registered the JDBC driver [com.mysql.cj.jdbc.Driver] but failed to unregister it when the web application was stopped. To prevent a memory leak, the JDBC Driver has been forcibly unregistered.
17-May-2024 14:37:15.495 WARNING [Thread-3] org.apache.catalina.loader.WebappClassLoaderBase.clearReferencesThreads The web application [sito] appears to have started a thread named [mysql-cj-abandoned-connection-cleanup] but has failed to stop it. This is very likely to create a memory leak. Stack trace of thread:
 java.base@11.0.22/java.lang.Object.wait(Native Method)
 java.base@11.0.22/java.lang.ref.ReferenceQueue.remove(ReferenceQueue.java:155)
 com.mysql.cj.jdbc.AbandonedConnectionCleanupThread.run(AbandonedConnectionCleanupThread.java:93)
 java.base@11.0.22/java.util.concurrent.ThreadPoolExecutor.runWorker(ThreadPoolExecutor.java:1128)
 java.base@11.0.22/java.util.concurrent.ThreadPoolExecutor$Worker.run(ThreadPoolExecutor.java:628)
 java.base@11.0.22/java.lang.Thread.run(Thread.java:834)
17-May-2024 14:37:15.495 WARNING [Thread-3] org.apache.catalina.loader.WebappClassLoaderBase.clearReferencesObjectStreamClassCaches Failed to clear soft references from ObjectStreamClass$Caches for web application [sito]
	java.lang.ClassCastException: class java.io.ObjectStreamClass$Caches$1 cannot be cast to class java.util.Map (java.io.ObjectStreamClass$Caches$1 and java.util.Map are in module java.base of loader 'bootstrap')
		at org.apache.catalina.loader.WebappClassLoaderBase.clearCache(WebappClassLoaderBase.java:2269)
		at org.apache.catalina.loader.WebappClassLoaderBase.clearReferencesObjectStreamClassCaches(WebappClassLoaderBase.java:2256)
		at org.apache.catalina.loader.WebappClassLoaderBase.clearReferences(WebappClassLoaderBase.java:1627)
		at org.apache.catalina.loader.WebappClassLoaderBase.stop(WebappClassLoaderBase.java:1555)
		at org.apache.catalina.loader.WebappLoader.stopInternal(WebappLoader.java:443)
		at org.apache.catalina.util.LifecycleBase.stop(LifecycleBase.java:257)
		at org.apache.catalina.core.StandardContext.stopInternal(StandardContext.java:5432)
		at org.apache.catalina.util.LifecycleBase.stop(LifecycleBase.java:257)
		at org.apache.catalina.core.ContainerBase$StopChild.call(ContainerBase.java:1400)
		at org.apache.catalina.core.ContainerBase$StopChild.call(ContainerBase.java:1389)
		at java.base/java.util.concurrent.FutureTask.run(FutureTask.java:264)
		at org.apache.tomcat.util.threads.InlineExecutorService.execute(InlineExecutorService.java:75)
		at java.base/java.util.concurrent.AbstractExecutorService.submit(AbstractExecutorService.java:140)
		at org.apache.catalina.core.ContainerBase.stopInternal(ContainerBase.java:976)
		at org.apache.catalina.util.LifecycleBase.stop(LifecycleBase.java:257)
		at org.apache.catalina.core.ContainerBase$StopChild.call(ContainerBase.java:1400)
		at org.apache.catalina.core.ContainerBase$StopChild.call(ContainerBase.java:1389)
		at java.base/java.util.concurrent.FutureTask.run(FutureTask.java:264)
		at org.apache.tomcat.util.threads.InlineExecutorService.execute(InlineExecutorService.java:75)
		at java.base/java.util.concurrent.AbstractExecutorService.submit(AbstractExecutorService.java:140)
		at org.apache.catalina.core.ContainerBase.stopInternal(ContainerBase.java:976)
		at org.apache.catalina.util.LifecycleBase.stop(LifecycleBase.java:257)
		at org.apache.catalina.core.StandardService.stopInternal(StandardService.java:473)
		at org.apache.catalina.util.LifecycleBase.stop(LifecycleBase.java:257)
		at org.apache.catalina.core.StandardServer.stopInternal(StandardServer.java:992)
		at org.apache.catalina.util.LifecycleBase.stop(LifecycleBase.java:257)
		at org.apache.catalina.startup.Catalina.stop(Catalina.java:706)
		at org.apache.catalina.startup.Catalina$CatalinaShutdownHook.run(Catalina.java:803)
17-May-2024 14:37:15.505 INFO [Thread-3] org.apache.coyote.AbstractProtocol.stop Stopping ProtocolHandler ["http-nio-8080"]
17-May-2024 14:37:15.508 INFO [Thread-3] org.apache.coyote.AbstractProtocol.destroy Destroying ProtocolHandler ["http-nio-8080"]
17-May-2024 14:37:18.005 INFO [main] org.apache.catalina.startup.VersionLoggerListener.log Server version name:   Apache Tomcat/9.0.31
17-May-2024 14:37:18.011 INFO [main] org.apache.catalina.startup.VersionLoggerListener.log Server built:          Feb 5 2020 19:32:12 UTC
17-May-2024 14:37:18.011 INFO [main] org.apache.catalina.startup.VersionLoggerListener.log Server version number: 9.0.31.0
17-May-2024 14:37:18.011 INFO [main] org.apache.catalina.startup.VersionLoggerListener.log OS Name:               Windows 11
17-May-2024 14:37:18.011 INFO [main] org.apache.catalina.startup.VersionLoggerListener.log OS Version:            10.0
17-May-2024 14:37:18.011 INFO [main] org.apache.catalina.startup.VersionLoggerListener.log Architecture:          amd64
17-May-2024 14:37:18.012 INFO [main] org.apache.catalina.startup.VersionLoggerListener.log Java Home:             C:\Program Files\Java\jdk-11
17-May-2024 14:37:18.012 INFO [main] org.apache.catalina.startup.VersionLoggerListener.log JVM Version:           11.0.22+9-LTS-219
17-May-2024 14:37:18.012 INFO [main] org.apache.catalina.startup.VersionLoggerListener.log JVM Vendor:            Oracle Corporation
17-May-2024 14:37:18.012 INFO [main] org.apache.catalina.startup.VersionLoggerListener.log CATALINA_BASE:         C:\Users\defil\Desktop\ECLIPSE, TOMCAT ECC\PROGETTO
17-May-2024 14:37:18.012 INFO [main] org.apache.catalina.startup.VersionLoggerListener.log CATALINA_HOME:         C:\Users\defil\Downloads\apache-tomcat-9.0.31\apache-tomcat-9.0.31
17-May-2024 14:37:18.026 INFO [main] org.apache.catalina.startup.VersionLoggerListener.log Command line argument: --add-opens=java.base/java.lang=ALL-UNNAMED
17-May-2024 14:37:18.026 INFO [main] org.apache.catalina.startup.VersionLoggerListener.log Command line argument: --add-opens=java.base/java.io=ALL-UNNAMED
17-May-2024 14:37:18.026 INFO [main] org.apache.catalina.startup.VersionLoggerListener.log Command line argument: --add-opens=java.base/java.util=ALL-UNNAMED
17-May-2024 14:37:18.026 INFO [main] org.apache.catalina.startup.VersionLoggerListener.log Command line argument: --add-opens=java.base/java.util.concurrent=ALL-UNNAMED
17-May-2024 14:37:18.026 INFO [main] org.apache.catalina.startup.VersionLoggerListener.log Command line argument: --add-opens=java.rmi/sun.rmi.transport=ALL-UNNAMED
17-May-2024 14:37:18.026 INFO [main] org.apache.catalina.startup.VersionLoggerListener.log Command line argument: -Dcatalina.home=C:\Users\defil\Downloads\apache-tomcat-9.0.31\apache-tomcat-9.0.31
17-May-2024 14:37:18.026 INFO [main] org.apache.catalina.startup.VersionLoggerListener.log Command line argument: -Dcatalina.base=C:\Users\defil\Desktop\ECLIPSE, TOMCAT ECC\PROGETTO
17-May-2024 14:37:18.026 INFO [main] org.apache.catalina.startup.VersionLoggerListener.log Command line argument: -Djava.io.tmpdir=C:\Users\defil\Desktop\ECLIPSE, TOMCAT ECC\PROGETTO\temp
17-May-2024 14:37:18.027 INFO [main] org.apache.catalina.startup.VersionLoggerListener.log Command line argument: -Djava.util.logging.config.file=C:\Users\defil\Desktop\ECLIPSE, TOMCAT ECC\PROGETTO\conf\logging.properties
17-May-2024 14:37:18.027 INFO [main] org.apache.catalina.startup.VersionLoggerListener.log Command line argument: -Djava.util.logging.manager=org.apache.juli.ClassLoaderLogManager
17-May-2024 14:37:18.027 INFO [main] org.apache.catalina.startup.VersionLoggerListener.log Command line argument: -javaagent:C:\Program Files\JetBrains\IntelliJ IDEA 2024.1\lib\idea_rt.jar=61682:C:\Program Files\JetBrains\IntelliJ IDEA 2024.1\bin
17-May-2024 14:37:18.027 INFO [main] org.apache.catalina.startup.VersionLoggerListener.log Command line argument: -Dfile.encoding=UTF-8
17-May-2024 14:37:18.027 INFO [main] org.apache.catalina.core.AprLifecycleListener.lifecycleEvent The APR based Apache Tomcat Native library which allows optimal performance in production environments was not found on the java.library.path: [C:\Program Files\Java\jdk-11\bin;C:\WINDOWS\Sun\Java\bin;C:\WINDOWS\system32;C:\WINDOWS;C:\mingw64\bin;C:\Program Files\Common Files\Oracle\Java\javapath;C:\Program Files (x86)\Common Files\Oracle\Java\javapath;C:\WINDOWS\system32;C:\WINDOWS;C:\WINDOWS\System32\Wbem;C:\WINDOWS\System32\WindowsPowerShell\v1.0\;C:\WINDOWS\System32\OpenSSH\;C:\Users\defil\Desktop\ECLIPSE, TOMCAT ECC\APACHE_MAVEN_3.9.6\apache-maven-3.9.6\bin;C:\Users\defil\Downloads\apache-tomcat-9.0.31\apache-tomcat-9.0.31\bin;C:\Program Files\Git\cmd;C:\Program Files\MySQL\MySQL Shell 8.0\bin\;C:\Users\defil\AppData\Local\Microsoft\WindowsApps;C:\Users\defil\AppData\Local\Programs\Microsoft VS Code\bin;C:\Program Files\JetBrains\IntelliJ IDEA 2024.1\bin;;C:\Users\defil\AppData\Local\GitHubDesktop\bin;C:\Users\defil\Downloads\apache-tomcat-9.0.31\apache-tomcat-9.0.31\bin;;.]
17-May-2024 14:37:18.348 INFO [main] org.apache.coyote.AbstractProtocol.init Initializing ProtocolHandler ["http-nio-8080"]
17-May-2024 14:37:18.510 INFO [main] org.apache.catalina.startup.Catalina.load Server initialization in [760] milliseconds
17-May-2024 14:37:18.575 INFO [main] org.apache.catalina.core.StandardService.startInternal Starting service [Catalina]
17-May-2024 14:37:18.576 INFO [main] org.apache.catalina.core.StandardEngine.startInternal Starting Servlet engine: [Apache Tomcat/9.0.31]
17-May-2024 14:37:18.586 INFO [main] org.apache.catalina.startup.HostConfig.deployDescriptor Deploying deployment descriptor [C:\Users\defil\Desktop\ECLIPSE, TOMCAT ECC\PROGETTO\conf\Catalina\localhost\sito.xml]
17-May-2024 14:37:19.182 INFO [main] org.apache.jasper.servlet.TldScanner.scanJars At least one JAR was scanned for TLDs yet contained no TLDs. Enable debug logging for this logger for a complete list of JARs that were scanned but no TLDs were found in them. Skipping unneeded JARs during scanning can improve startup time and JSP compilation time.
17-May-2024 14:37:19.291 INFO [main] org.apache.catalina.startup.HostConfig.deployDescriptor Deployment of deployment descriptor [C:\Users\defil\Desktop\ECLIPSE, TOMCAT ECC\PROGETTO\conf\Catalina\localhost\sito.xml] has finished in [706] ms
17-May-2024 14:37:19.296 INFO [main] org.apache.coyote.AbstractProtocol.start Starting ProtocolHandler ["http-nio-8080"]
17-May-2024 14:37:19.302 INFO [main] org.apache.catalina.startup.Catalina.start Server startup in [792] milliseconds
17-May-2024 14:40:00.099 INFO [Thread-3] org.apache.coyote.AbstractProtocol.pause Pausing ProtocolHandler ["http-nio-8080"]
17-May-2024 14:40:00.175 INFO [Thread-3] org.apache.catalina.core.StandardService.stopInternal Stopping service [Catalina]
17-May-2024 14:40:00.184 WARNING [Thread-3] org.apache.catalina.loader.WebappClassLoaderBase.clearReferencesJdbc The web application [sito] registered the JDBC driver [com.mysql.cj.jdbc.Driver] but failed to unregister it when the web application was stopped. To prevent a memory leak, the JDBC Driver has been forcibly unregistered.
17-May-2024 14:40:00.184 WARNING [Thread-3] org.apache.catalina.loader.WebappClassLoaderBase.clearReferencesThreads The web application [sito] appears to have started a thread named [mysql-cj-abandoned-connection-cleanup] but has failed to stop it. This is very likely to create a memory leak. Stack trace of thread:
 java.base@11.0.22/java.lang.Object.wait(Native Method)
 java.base@11.0.22/java.lang.ref.ReferenceQueue.remove(ReferenceQueue.java:155)
 com.mysql.cj.jdbc.AbandonedConnectionCleanupThread.run(AbandonedConnectionCleanupThread.java:93)
 java.base@11.0.22/java.util.concurrent.ThreadPoolExecutor.runWorker(ThreadPoolExecutor.java:1128)
 java.base@11.0.22/java.util.concurrent.ThreadPoolExecutor$Worker.run(ThreadPoolExecutor.java:628)
 java.base@11.0.22/java.lang.Thread.run(Thread.java:834)
17-May-2024 14:40:00.185 WARNING [Thread-3] org.apache.catalina.loader.WebappClassLoaderBase.clearReferencesObjectStreamClassCaches Failed to clear soft references from ObjectStreamClass$Caches for web application [sito]
	java.lang.ClassCastException: class java.io.ObjectStreamClass$Caches$1 cannot be cast to class java.util.Map (java.io.ObjectStreamClass$Caches$1 and java.util.Map are in module java.base of loader 'bootstrap')
		at org.apache.catalina.loader.WebappClassLoaderBase.clearCache(WebappClassLoaderBase.java:2269)
		at org.apache.catalina.loader.WebappClassLoaderBase.clearReferencesObjectStreamClassCaches(WebappClassLoaderBase.java:2256)
		at org.apache.catalina.loader.WebappClassLoaderBase.clearReferences(WebappClassLoaderBase.java:1627)
		at org.apache.catalina.loader.WebappClassLoaderBase.stop(WebappClassLoaderBase.java:1555)
		at org.apache.catalina.loader.WebappLoader.stopInternal(WebappLoader.java:443)
		at org.apache.catalina.util.LifecycleBase.stop(LifecycleBase.java:257)
		at org.apache.catalina.core.StandardContext.stopInternal(StandardContext.java:5432)
		at org.apache.catalina.util.LifecycleBase.stop(LifecycleBase.java:257)
		at org.apache.catalina.core.ContainerBase$StopChild.call(ContainerBase.java:1400)
		at org.apache.catalina.core.ContainerBase$StopChild.call(ContainerBase.java:1389)
		at java.base/java.util.concurrent.FutureTask.run(FutureTask.java:264)
		at org.apache.tomcat.util.threads.InlineExecutorService.execute(InlineExecutorService.java:75)
		at java.base/java.util.concurrent.AbstractExecutorService.submit(AbstractExecutorService.java:140)
		at org.apache.catalina.core.ContainerBase.stopInternal(ContainerBase.java:976)
		at org.apache.catalina.util.LifecycleBase.stop(LifecycleBase.java:257)
		at org.apache.catalina.core.ContainerBase$StopChild.call(ContainerBase.java:1400)
		at org.apache.catalina.core.ContainerBase$StopChild.call(ContainerBase.java:1389)
		at java.base/java.util.concurrent.FutureTask.run(FutureTask.java:264)
		at org.apache.tomcat.util.threads.InlineExecutorService.execute(InlineExecutorService.java:75)
		at java.base/java.util.concurrent.AbstractExecutorService.submit(AbstractExecutorService.java:140)
		at org.apache.catalina.core.ContainerBase.stopInternal(ContainerBase.java:976)
		at org.apache.catalina.util.LifecycleBase.stop(LifecycleBase.java:257)
		at org.apache.catalina.core.StandardService.stopInternal(StandardService.java:473)
		at org.apache.catalina.util.LifecycleBase.stop(LifecycleBase.java:257)
		at org.apache.catalina.core.StandardServer.stopInternal(StandardServer.java:992)
		at org.apache.catalina.util.LifecycleBase.stop(LifecycleBase.java:257)
		at org.apache.catalina.startup.Catalina.stop(Catalina.java:706)
		at org.apache.catalina.startup.Catalina$CatalinaShutdownHook.run(Catalina.java:803)
17-May-2024 14:40:00.188 INFO [Thread-3] org.apache.coyote.AbstractProtocol.stop Stopping ProtocolHandler ["http-nio-8080"]
17-May-2024 14:40:00.191 INFO [Thread-3] org.apache.coyote.AbstractProtocol.destroy Destroying ProtocolHandler ["http-nio-8080"]
17-May-2024 14:42:24.549 INFO [main] org.apache.catalina.startup.VersionLoggerListener.log Server version name:   Apache Tomcat/9.0.31
17-May-2024 14:42:24.552 INFO [main] org.apache.catalina.startup.VersionLoggerListener.log Server built:          Feb 5 2020 19:32:12 UTC
17-May-2024 14:42:24.552 INFO [main] org.apache.catalina.startup.VersionLoggerListener.log Server version number: 9.0.31.0
17-May-2024 14:42:24.552 INFO [main] org.apache.catalina.startup.VersionLoggerListener.log OS Name:               Windows 11
17-May-2024 14:42:24.553 INFO [main] org.apache.catalina.startup.VersionLoggerListener.log OS Version:            10.0
17-May-2024 14:42:24.553 INFO [main] org.apache.catalina.startup.VersionLoggerListener.log Architecture:          amd64
17-May-2024 14:42:24.553 INFO [main] org.apache.catalina.startup.VersionLoggerListener.log Java Home:             C:\Program Files\Java\jdk-11
17-May-2024 14:42:24.553 INFO [main] org.apache.catalina.startup.VersionLoggerListener.log JVM Version:           11.0.22+9-LTS-219
17-May-2024 14:42:24.553 INFO [main] org.apache.catalina.startup.VersionLoggerListener.log JVM Vendor:            Oracle Corporation
17-May-2024 14:42:24.553 INFO [main] org.apache.catalina.startup.VersionLoggerListener.log CATALINA_BASE:         C:\Users\defil\Desktop\ECLIPSE, TOMCAT ECC\PROGETTO
17-May-2024 14:42:24.553 INFO [main] org.apache.catalina.startup.VersionLoggerListener.log CATALINA_HOME:         C:\Users\defil\Downloads\apache-tomcat-9.0.31\apache-tomcat-9.0.31
17-May-2024 14:42:24.563 INFO [main] org.apache.catalina.startup.VersionLoggerListener.log Command line argument: --add-opens=java.base/java.lang=ALL-UNNAMED
17-May-2024 14:42:24.563 INFO [main] org.apache.catalina.startup.VersionLoggerListener.log Command line argument: --add-opens=java.base/java.io=ALL-UNNAMED
17-May-2024 14:42:24.563 INFO [main] org.apache.catalina.startup.VersionLoggerListener.log Command line argument: --add-opens=java.base/java.util=ALL-UNNAMED
17-May-2024 14:42:24.563 INFO [main] org.apache.catalina.startup.VersionLoggerListener.log Command line argument: --add-opens=java.base/java.util.concurrent=ALL-UNNAMED
17-May-2024 14:42:24.564 INFO [main] org.apache.catalina.startup.VersionLoggerListener.log Command line argument: --add-opens=java.rmi/sun.rmi.transport=ALL-UNNAMED
17-May-2024 14:42:24.564 INFO [main] org.apache.catalina.startup.VersionLoggerListener.log Command line argument: -Dcatalina.home=C:\Users\defil\Downloads\apache-tomcat-9.0.31\apache-tomcat-9.0.31
17-May-2024 14:42:24.564 INFO [main] org.apache.catalina.startup.VersionLoggerListener.log Command line argument: -Dcatalina.base=C:\Users\defil\Desktop\ECLIPSE, TOMCAT ECC\PROGETTO
17-May-2024 14:42:24.564 INFO [main] org.apache.catalina.startup.VersionLoggerListener.log Command line argument: -Djava.io.tmpdir=C:\Users\defil\Desktop\ECLIPSE, TOMCAT ECC\PROGETTO\temp
17-May-2024 14:42:24.564 INFO [main] org.apache.catalina.startup.VersionLoggerListener.log Command line argument: -Djava.util.logging.config.file=C:\Users\defil\Desktop\ECLIPSE, TOMCAT ECC\PROGETTO\conf\logging.properties
17-May-2024 14:42:24.564 INFO [main] org.apache.catalina.startup.VersionLoggerListener.log Command line argument: -Djava.util.logging.manager=org.apache.juli.ClassLoaderLogManager
17-May-2024 14:42:24.564 INFO [main] org.apache.catalina.startup.VersionLoggerListener.log Command line argument: -javaagent:C:\Program Files\JetBrains\IntelliJ IDEA 2024.1\lib\idea_rt.jar=58206:C:\Program Files\JetBrains\IntelliJ IDEA 2024.1\bin
17-May-2024 14:42:24.564 INFO [main] org.apache.catalina.startup.VersionLoggerListener.log Command line argument: -Dfile.encoding=UTF-8
17-May-2024 14:42:24.564 INFO [main] org.apache.catalina.core.AprLifecycleListener.lifecycleEvent The APR based Apache Tomcat Native library which allows optimal performance in production environments was not found on the java.library.path: [C:\Program Files\Java\jdk-11\bin;C:\WINDOWS\Sun\Java\bin;C:\WINDOWS\system32;C:\WINDOWS;C:\mingw64\bin;C:\Program Files\Common Files\Oracle\Java\javapath;C:\Program Files (x86)\Common Files\Oracle\Java\javapath;C:\WINDOWS\system32;C:\WINDOWS;C:\WINDOWS\System32\Wbem;C:\WINDOWS\System32\WindowsPowerShell\v1.0\;C:\WINDOWS\System32\OpenSSH\;C:\Users\defil\Desktop\ECLIPSE, TOMCAT ECC\APACHE_MAVEN_3.9.6\apache-maven-3.9.6\bin;C:\Users\defil\Downloads\apache-tomcat-9.0.31\apache-tomcat-9.0.31\bin;C:\Program Files\Git\cmd;C:\Program Files\MySQL\MySQL Shell 8.0\bin\;C:\Users\defil\AppData\Local\Microsoft\WindowsApps;C:\Users\defil\AppData\Local\Programs\Microsoft VS Code\bin;C:\Program Files\JetBrains\IntelliJ IDEA 2024.1\bin;;C:\Users\defil\AppData\Local\GitHubDesktop\bin;C:\Users\defil\Downloads\apache-tomcat-9.0.31\apache-tomcat-9.0.31\bin;;.]
17-May-2024 14:42:24.887 INFO [main] org.apache.coyote.AbstractProtocol.init Initializing ProtocolHandler ["http-nio-8080"]
17-May-2024 14:42:25.070 INFO [main] org.apache.catalina.startup.Catalina.load Server initialization in [715] milliseconds
17-May-2024 14:42:25.136 INFO [main] org.apache.catalina.core.StandardService.startInternal Starting service [Catalina]
17-May-2024 14:42:25.136 INFO [main] org.apache.catalina.core.StandardEngine.startInternal Starting Servlet engine: [Apache Tomcat/9.0.31]
17-May-2024 14:42:25.146 INFO [main] org.apache.catalina.startup.HostConfig.deployDescriptor Deploying deployment descriptor [C:\Users\defil\Desktop\ECLIPSE, TOMCAT ECC\PROGETTO\conf\Catalina\localhost\sito.xml]
17-May-2024 14:42:25.813 INFO [main] org.apache.jasper.servlet.TldScanner.scanJars At least one JAR was scanned for TLDs yet contained no TLDs. Enable debug logging for this logger for a complete list of JARs that were scanned but no TLDs were found in them. Skipping unneeded JARs during scanning can improve startup time and JSP compilation time.
17-May-2024 14:42:25.930 INFO [main] org.apache.catalina.startup.HostConfig.deployDescriptor Deployment of deployment descriptor [C:\Users\defil\Desktop\ECLIPSE, TOMCAT ECC\PROGETTO\conf\Catalina\localhost\sito.xml] has finished in [784] ms
17-May-2024 14:42:25.933 INFO [main] org.apache.coyote.AbstractProtocol.start Starting ProtocolHandler ["http-nio-8080"]
17-May-2024 14:42:25.943 INFO [main] org.apache.catalina.startup.Catalina.start Server startup in [872] milliseconds
17-May-2024 14:45:36.390 INFO [Thread-3] org.apache.coyote.AbstractProtocol.pause Pausing ProtocolHandler ["http-nio-8080"]
17-May-2024 14:45:36.471 INFO [Thread-3] org.apache.catalina.core.StandardService.stopInternal Stopping service [Catalina]
17-May-2024 14:45:36.481 WARNING [Thread-3] org.apache.catalina.loader.WebappClassLoaderBase.clearReferencesJdbc The web application [sito] registered the JDBC driver [com.mysql.cj.jdbc.Driver] but failed to unregister it when the web application was stopped. To prevent a memory leak, the JDBC Driver has been forcibly unregistered.
17-May-2024 14:45:36.482 WARNING [Thread-3] org.apache.catalina.loader.WebappClassLoaderBase.clearReferencesThreads The web application [sito] appears to have started a thread named [mysql-cj-abandoned-connection-cleanup] but has failed to stop it. This is very likely to create a memory leak. Stack trace of thread:
 java.base@11.0.22/java.lang.Object.wait(Native Method)
 java.base@11.0.22/java.lang.ref.ReferenceQueue.remove(ReferenceQueue.java:155)
 com.mysql.cj.jdbc.AbandonedConnectionCleanupThread.run(AbandonedConnectionCleanupThread.java:93)
 java.base@11.0.22/java.util.concurrent.ThreadPoolExecutor.runWorker(ThreadPoolExecutor.java:1128)
 java.base@11.0.22/java.util.concurrent.ThreadPoolExecutor$Worker.run(ThreadPoolExecutor.java:628)
 java.base@11.0.22/java.lang.Thread.run(Thread.java:834)
17-May-2024 14:45:36.482 WARNING [Thread-3] org.apache.catalina.loader.WebappClassLoaderBase.clearReferencesObjectStreamClassCaches Failed to clear soft references from ObjectStreamClass$Caches for web application [sito]
	java.lang.ClassCastException: class java.io.ObjectStreamClass$Caches$1 cannot be cast to class java.util.Map (java.io.ObjectStreamClass$Caches$1 and java.util.Map are in module java.base of loader 'bootstrap')
		at org.apache.catalina.loader.WebappClassLoaderBase.clearCache(WebappClassLoaderBase.java:2269)
		at org.apache.catalina.loader.WebappClassLoaderBase.clearReferencesObjectStreamClassCaches(WebappClassLoaderBase.java:2256)
		at org.apache.catalina.loader.WebappClassLoaderBase.clearReferences(WebappClassLoaderBase.java:1627)
		at org.apache.catalina.loader.WebappClassLoaderBase.stop(WebappClassLoaderBase.java:1555)
		at org.apache.catalina.loader.WebappLoader.stopInternal(WebappLoader.java:443)
		at org.apache.catalina.util.LifecycleBase.stop(LifecycleBase.java:257)
		at org.apache.catalina.core.StandardContext.stopInternal(StandardContext.java:5432)
		at org.apache.catalina.util.LifecycleBase.stop(LifecycleBase.java:257)
		at org.apache.catalina.core.ContainerBase$StopChild.call(ContainerBase.java:1400)
		at org.apache.catalina.core.ContainerBase$StopChild.call(ContainerBase.java:1389)
		at java.base/java.util.concurrent.FutureTask.run(FutureTask.java:264)
		at org.apache.tomcat.util.threads.InlineExecutorService.execute(InlineExecutorService.java:75)
		at java.base/java.util.concurrent.AbstractExecutorService.submit(AbstractExecutorService.java:140)
		at org.apache.catalina.core.ContainerBase.stopInternal(ContainerBase.java:976)
		at org.apache.catalina.util.LifecycleBase.stop(LifecycleBase.java:257)
		at org.apache.catalina.core.ContainerBase$StopChild.call(ContainerBase.java:1400)
		at org.apache.catalina.core.ContainerBase$StopChild.call(ContainerBase.java:1389)
		at java.base/java.util.concurrent.FutureTask.run(FutureTask.java:264)
		at org.apache.tomcat.util.threads.InlineExecutorService.execute(InlineExecutorService.java:75)
		at java.base/java.util.concurrent.AbstractExecutorService.submit(AbstractExecutorService.java:140)
		at org.apache.catalina.core.ContainerBase.stopInternal(ContainerBase.java:976)
		at org.apache.catalina.util.LifecycleBase.stop(LifecycleBase.java:257)
		at org.apache.catalina.core.StandardService.stopInternal(StandardService.java:473)
		at org.apache.catalina.util.LifecycleBase.stop(LifecycleBase.java:257)
		at org.apache.catalina.core.StandardServer.stopInternal(StandardServer.java:992)
		at org.apache.catalina.util.LifecycleBase.stop(LifecycleBase.java:257)
		at org.apache.catalina.startup.Catalina.stop(Catalina.java:706)
		at org.apache.catalina.startup.Catalina$CatalinaShutdownHook.run(Catalina.java:803)
17-May-2024 14:45:36.490 INFO [Thread-3] org.apache.coyote.AbstractProtocol.stop Stopping ProtocolHandler ["http-nio-8080"]
17-May-2024 14:45:36.493 INFO [Thread-3] org.apache.coyote.AbstractProtocol.destroy Destroying ProtocolHandler ["http-nio-8080"]
17-May-2024 14:45:38.766 INFO [main] org.apache.catalina.startup.VersionLoggerListener.log Server version name:   Apache Tomcat/9.0.31
17-May-2024 14:45:38.770 INFO [main] org.apache.catalina.startup.VersionLoggerListener.log Server built:          Feb 5 2020 19:32:12 UTC
17-May-2024 14:45:38.770 INFO [main] org.apache.catalina.startup.VersionLoggerListener.log Server version number: 9.0.31.0
17-May-2024 14:45:38.770 INFO [main] org.apache.catalina.startup.VersionLoggerListener.log OS Name:               Windows 11
17-May-2024 14:45:38.770 INFO [main] org.apache.catalina.startup.VersionLoggerListener.log OS Version:            10.0
17-May-2024 14:45:38.770 INFO [main] org.apache.catalina.startup.VersionLoggerListener.log Architecture:          amd64
17-May-2024 14:45:38.770 INFO [main] org.apache.catalina.startup.VersionLoggerListener.log Java Home:             C:\Program Files\Java\jdk-11
17-May-2024 14:45:38.771 INFO [main] org.apache.catalina.startup.VersionLoggerListener.log JVM Version:           11.0.22+9-LTS-219
17-May-2024 14:45:38.771 INFO [main] org.apache.catalina.startup.VersionLoggerListener.log JVM Vendor:            Oracle Corporation
17-May-2024 14:45:38.771 INFO [main] org.apache.catalina.startup.VersionLoggerListener.log CATALINA_BASE:         C:\Users\defil\Desktop\ECLIPSE, TOMCAT ECC\PROGETTO
17-May-2024 14:45:38.771 INFO [main] org.apache.catalina.startup.VersionLoggerListener.log CATALINA_HOME:         C:\Users\defil\Downloads\apache-tomcat-9.0.31\apache-tomcat-9.0.31
17-May-2024 14:45:38.783 INFO [main] org.apache.catalina.startup.VersionLoggerListener.log Command line argument: --add-opens=java.base/java.lang=ALL-UNNAMED
17-May-2024 14:45:38.783 INFO [main] org.apache.catalina.startup.VersionLoggerListener.log Command line argument: --add-opens=java.base/java.io=ALL-UNNAMED
17-May-2024 14:45:38.783 INFO [main] org.apache.catalina.startup.VersionLoggerListener.log Command line argument: --add-opens=java.base/java.util=ALL-UNNAMED
17-May-2024 14:45:38.784 INFO [main] org.apache.catalina.startup.VersionLoggerListener.log Command line argument: --add-opens=java.base/java.util.concurrent=ALL-UNNAMED
17-May-2024 14:45:38.784 INFO [main] org.apache.catalina.startup.VersionLoggerListener.log Command line argument: --add-opens=java.rmi/sun.rmi.transport=ALL-UNNAMED
17-May-2024 14:45:38.784 INFO [main] org.apache.catalina.startup.VersionLoggerListener.log Command line argument: -Dcatalina.home=C:\Users\defil\Downloads\apache-tomcat-9.0.31\apache-tomcat-9.0.31
17-May-2024 14:45:38.784 INFO [main] org.apache.catalina.startup.VersionLoggerListener.log Command line argument: -Dcatalina.base=C:\Users\defil\Desktop\ECLIPSE, TOMCAT ECC\PROGETTO
17-May-2024 14:45:38.784 INFO [main] org.apache.catalina.startup.VersionLoggerListener.log Command line argument: -Djava.io.tmpdir=C:\Users\defil\Desktop\ECLIPSE, TOMCAT ECC\PROGETTO\temp
17-May-2024 14:45:38.784 INFO [main] org.apache.catalina.startup.VersionLoggerListener.log Command line argument: -Djava.util.logging.config.file=C:\Users\defil\Desktop\ECLIPSE, TOMCAT ECC\PROGETTO\conf\logging.properties
17-May-2024 14:45:38.784 INFO [main] org.apache.catalina.startup.VersionLoggerListener.log Command line argument: -Djava.util.logging.manager=org.apache.juli.ClassLoaderLogManager
17-May-2024 14:45:38.784 INFO [main] org.apache.catalina.startup.VersionLoggerListener.log Command line argument: -javaagent:C:\Program Files\JetBrains\IntelliJ IDEA 2024.1\lib\idea_rt.jar=58334:C:\Program Files\JetBrains\IntelliJ IDEA 2024.1\bin
17-May-2024 14:45:38.785 INFO [main] org.apache.catalina.startup.VersionLoggerListener.log Command line argument: -Dfile.encoding=UTF-8
17-May-2024 14:45:38.785 INFO [main] org.apache.catalina.core.AprLifecycleListener.lifecycleEvent The APR based Apache Tomcat Native library which allows optimal performance in production environments was not found on the java.library.path: [C:\Program Files\Java\jdk-11\bin;C:\WINDOWS\Sun\Java\bin;C:\WINDOWS\system32;C:\WINDOWS;C:\mingw64\bin;C:\Program Files\Common Files\Oracle\Java\javapath;C:\Program Files (x86)\Common Files\Oracle\Java\javapath;C:\WINDOWS\system32;C:\WINDOWS;C:\WINDOWS\System32\Wbem;C:\WINDOWS\System32\WindowsPowerShell\v1.0\;C:\WINDOWS\System32\OpenSSH\;C:\Users\defil\Desktop\ECLIPSE, TOMCAT ECC\APACHE_MAVEN_3.9.6\apache-maven-3.9.6\bin;C:\Users\defil\Downloads\apache-tomcat-9.0.31\apache-tomcat-9.0.31\bin;C:\Program Files\Git\cmd;C:\Program Files\MySQL\MySQL Shell 8.0\bin\;C:\Users\defil\AppData\Local\Microsoft\WindowsApps;C:\Users\defil\AppData\Local\Programs\Microsoft VS Code\bin;C:\Program Files\JetBrains\IntelliJ IDEA 2024.1\bin;;C:\Users\defil\AppData\Local\GitHubDesktop\bin;C:\Users\defil\Downloads\apache-tomcat-9.0.31\apache-tomcat-9.0.31\bin;;.]
17-May-2024 14:45:39.039 INFO [main] org.apache.coyote.AbstractProtocol.init Initializing ProtocolHandler ["http-nio-8080"]
17-May-2024 14:45:39.207 INFO [main] org.apache.catalina.startup.Catalina.load Server initialization in [637] milliseconds
17-May-2024 14:45:39.271 INFO [main] org.apache.catalina.core.StandardService.startInternal Starting service [Catalina]
17-May-2024 14:45:39.272 INFO [main] org.apache.catalina.core.StandardEngine.startInternal Starting Servlet engine: [Apache Tomcat/9.0.31]
17-May-2024 14:45:39.281 INFO [main] org.apache.catalina.startup.HostConfig.deployDescriptor Deploying deployment descriptor [C:\Users\defil\Desktop\ECLIPSE, TOMCAT ECC\PROGETTO\conf\Catalina\localhost\sito.xml]
17-May-2024 14:45:39.932 INFO [main] org.apache.jasper.servlet.TldScanner.scanJars At least one JAR was scanned for TLDs yet contained no TLDs. Enable debug logging for this logger for a complete list of JARs that were scanned but no TLDs were found in them. Skipping unneeded JARs during scanning can improve startup time and JSP compilation time.
17-May-2024 14:45:40.025 INFO [main] org.apache.catalina.startup.HostConfig.deployDescriptor Deployment of deployment descriptor [C:\Users\defil\Desktop\ECLIPSE, TOMCAT ECC\PROGETTO\conf\Catalina\localhost\sito.xml] has finished in [744] ms
17-May-2024 14:45:40.028 INFO [main] org.apache.coyote.AbstractProtocol.start Starting ProtocolHandler ["http-nio-8080"]
17-May-2024 14:45:40.035 INFO [main] org.apache.catalina.startup.Catalina.start Server startup in [826] milliseconds
17-May-2024 14:45:49.506 INFO [http-nio-8080-exec-7] org.apache.coyote.http11.Http11Processor.service Error parsing HTTP request header
 Note: further occurrences of HTTP request parsing errors will be logged at DEBUG level.
	java.lang.IllegalArgumentException: Invalid character found in the request target. The valid characters are defined in RFC 7230 and RFC 3986
		at org.apache.coyote.http11.Http11InputBuffer.parseRequestLine(Http11InputBuffer.java:469)
		at org.apache.coyote.http11.Http11Processor.service(Http11Processor.java:260)
		at org.apache.coyote.AbstractProcessorLight.process(AbstractProcessorLight.java:65)
		at org.apache.coyote.AbstractProtocol$ConnectionHandler.process(AbstractProtocol.java:868)
		at org.apache.tomcat.util.net.NioEndpoint$SocketProcessor.doRun(NioEndpoint.java:1639)
		at org.apache.tomcat.util.net.SocketProcessorBase.run(SocketProcessorBase.java:49)
		at java.base/java.util.concurrent.ThreadPoolExecutor.runWorker(ThreadPoolExecutor.java:1128)
		at java.base/java.util.concurrent.ThreadPoolExecutor$Worker.run(ThreadPoolExecutor.java:628)
		at org.apache.tomcat.util.threads.TaskThread$WrappingRunnable.run(TaskThread.java:61)
		at java.base/java.lang.Thread.run(Thread.java:834)
17-May-2024 14:53:29.520 INFO [Thread-3] org.apache.coyote.AbstractProtocol.pause Pausing ProtocolHandler ["http-nio-8080"]
17-May-2024 14:53:29.595 INFO [Thread-3] org.apache.catalina.core.StandardService.stopInternal Stopping service [Catalina]
17-May-2024 14:53:29.605 WARNING [Thread-3] org.apache.catalina.loader.WebappClassLoaderBase.clearReferencesJdbc The web application [sito] registered the JDBC driver [com.mysql.cj.jdbc.Driver] but failed to unregister it when the web application was stopped. To prevent a memory leak, the JDBC Driver has been forcibly unregistered.
17-May-2024 14:53:29.606 WARNING [Thread-3] org.apache.catalina.loader.WebappClassLoaderBase.clearReferencesThreads The web application [sito] appears to have started a thread named [mysql-cj-abandoned-connection-cleanup] but has failed to stop it. This is very likely to create a memory leak. Stack trace of thread:
 java.base@11.0.22/java.lang.Object.wait(Native Method)
 java.base@11.0.22/java.lang.ref.ReferenceQueue.remove(ReferenceQueue.java:155)
 com.mysql.cj.jdbc.AbandonedConnectionCleanupThread.run(AbandonedConnectionCleanupThread.java:93)
 java.base@11.0.22/java.util.concurrent.ThreadPoolExecutor.runWorker(ThreadPoolExecutor.java:1128)
 java.base@11.0.22/java.util.concurrent.ThreadPoolExecutor$Worker.run(ThreadPoolExecutor.java:628)
 java.base@11.0.22/java.lang.Thread.run(Thread.java:834)
17-May-2024 14:53:29.606 WARNING [Thread-3] org.apache.catalina.loader.WebappClassLoaderBase.clearReferencesObjectStreamClassCaches Failed to clear soft references from ObjectStreamClass$Caches for web application [sito]
	java.lang.ClassCastException: class java.io.ObjectStreamClass$Caches$1 cannot be cast to class java.util.Map (java.io.ObjectStreamClass$Caches$1 and java.util.Map are in module java.base of loader 'bootstrap')
		at org.apache.catalina.loader.WebappClassLoaderBase.clearCache(WebappClassLoaderBase.java:2269)
		at org.apache.catalina.loader.WebappClassLoaderBase.clearReferencesObjectStreamClassCaches(WebappClassLoaderBase.java:2256)
		at org.apache.catalina.loader.WebappClassLoaderBase.clearReferences(WebappClassLoaderBase.java:1627)
		at org.apache.catalina.loader.WebappClassLoaderBase.stop(WebappClassLoaderBase.java:1555)
		at org.apache.catalina.loader.WebappLoader.stopInternal(WebappLoader.java:443)
		at org.apache.catalina.util.LifecycleBase.stop(LifecycleBase.java:257)
		at org.apache.catalina.core.StandardContext.stopInternal(StandardContext.java:5432)
		at org.apache.catalina.util.LifecycleBase.stop(LifecycleBase.java:257)
		at org.apache.catalina.core.ContainerBase$StopChild.call(ContainerBase.java:1400)
		at org.apache.catalina.core.ContainerBase$StopChild.call(ContainerBase.java:1389)
		at java.base/java.util.concurrent.FutureTask.run(FutureTask.java:264)
		at org.apache.tomcat.util.threads.InlineExecutorService.execute(InlineExecutorService.java:75)
		at java.base/java.util.concurrent.AbstractExecutorService.submit(AbstractExecutorService.java:140)
		at org.apache.catalina.core.ContainerBase.stopInternal(ContainerBase.java:976)
		at org.apache.catalina.util.LifecycleBase.stop(LifecycleBase.java:257)
		at org.apache.catalina.core.ContainerBase$StopChild.call(ContainerBase.java:1400)
		at org.apache.catalina.core.ContainerBase$StopChild.call(ContainerBase.java:1389)
		at java.base/java.util.concurrent.FutureTask.run(FutureTask.java:264)
		at org.apache.tomcat.util.threads.InlineExecutorService.execute(InlineExecutorService.java:75)
		at java.base/java.util.concurrent.AbstractExecutorService.submit(AbstractExecutorService.java:140)
		at org.apache.catalina.core.ContainerBase.stopInternal(ContainerBase.java:976)
		at org.apache.catalina.util.LifecycleBase.stop(LifecycleBase.java:257)
		at org.apache.catalina.core.StandardService.stopInternal(StandardService.java:473)
		at org.apache.catalina.util.LifecycleBase.stop(LifecycleBase.java:257)
		at org.apache.catalina.core.StandardServer.stopInternal(StandardServer.java:992)
		at org.apache.catalina.util.LifecycleBase.stop(LifecycleBase.java:257)
		at org.apache.catalina.startup.Catalina.stop(Catalina.java:706)
		at org.apache.catalina.startup.Catalina$CatalinaShutdownHook.run(Catalina.java:803)
17-May-2024 14:53:29.614 INFO [Thread-3] org.apache.coyote.AbstractProtocol.stop Stopping ProtocolHandler ["http-nio-8080"]
17-May-2024 14:53:29.616 INFO [Thread-3] org.apache.coyote.AbstractProtocol.destroy Destroying ProtocolHandler ["http-nio-8080"]
17-May-2024 18:03:31.570 INFORMAZIONI [main] org.apache.catalina.startup.VersionLoggerListener.log Server version name:   Apache Tomcat/9.0.31
17-May-2024 18:03:31.573 INFORMAZIONI [main] org.apache.catalina.startup.VersionLoggerListener.log Server built:          Feb 5 2020 19:32:12 UTC
17-May-2024 18:03:31.573 INFORMAZIONI [main] org.apache.catalina.startup.VersionLoggerListener.log Server version number: 9.0.31.0
17-May-2024 18:03:31.573 INFORMAZIONI [main] org.apache.catalina.startup.VersionLoggerListener.log OS Name:               Windows 11
17-May-2024 18:03:31.573 INFORMAZIONI [main] org.apache.catalina.startup.VersionLoggerListener.log OS Version:            10.0
17-May-2024 18:03:31.574 INFORMAZIONI [main] org.apache.catalina.startup.VersionLoggerListener.log Architecture:          amd64
17-May-2024 18:03:31.574 INFORMAZIONI [main] org.apache.catalina.startup.VersionLoggerListener.log Java Home:             C:\Users\defil\.jdks\corretto-21.0.3
17-May-2024 18:03:31.574 INFORMAZIONI [main] org.apache.catalina.startup.VersionLoggerListener.log JVM Version:           21.0.3+9-LTS
17-May-2024 18:03:31.574 INFORMAZIONI [main] org.apache.catalina.startup.VersionLoggerListener.log JVM Vendor:            Amazon.com Inc.
17-May-2024 18:03:31.574 INFORMAZIONI [main] org.apache.catalina.startup.VersionLoggerListener.log CATALINA_BASE:         C:\Users\defil\Desktop\ECLIPSE, TOMCAT ECC\PROGETTO
17-May-2024 18:03:31.574 INFORMAZIONI [main] org.apache.catalina.startup.VersionLoggerListener.log CATALINA_HOME:         C:\Users\defil\Downloads\apache-tomcat-9.0.31\apache-tomcat-9.0.31
17-May-2024 18:03:31.583 INFORMAZIONI [main] org.apache.catalina.startup.VersionLoggerListener.log Command line argument: --add-opens=java.base/java.lang=ALL-UNNAMED
17-May-2024 18:03:31.583 INFORMAZIONI [main] org.apache.catalina.startup.VersionLoggerListener.log Command line argument: --add-opens=java.base/java.io=ALL-UNNAMED
17-May-2024 18:03:31.583 INFORMAZIONI [main] org.apache.catalina.startup.VersionLoggerListener.log Command line argument: --add-opens=java.base/java.util=ALL-UNNAMED
17-May-2024 18:03:31.583 INFORMAZIONI [main] org.apache.catalina.startup.VersionLoggerListener.log Command line argument: --add-opens=java.base/java.util.concurrent=ALL-UNNAMED
17-May-2024 18:03:31.583 INFORMAZIONI [main] org.apache.catalina.startup.VersionLoggerListener.log Command line argument: --add-opens=java.rmi/sun.rmi.transport=ALL-UNNAMED
17-May-2024 18:03:31.584 INFORMAZIONI [main] org.apache.catalina.startup.VersionLoggerListener.log Command line argument: -Dcatalina.home=C:\Users\defil\Downloads\apache-tomcat-9.0.31\apache-tomcat-9.0.31
17-May-2024 18:03:31.584 INFORMAZIONI [main] org.apache.catalina.startup.VersionLoggerListener.log Command line argument: -Dcatalina.base=C:\Users\defil\Desktop\ECLIPSE, TOMCAT ECC\PROGETTO
17-May-2024 18:03:31.584 INFORMAZIONI [main] org.apache.catalina.startup.VersionLoggerListener.log Command line argument: -Djava.io.tmpdir=C:\Users\defil\Desktop\ECLIPSE, TOMCAT ECC\PROGETTO\temp
17-May-2024 18:03:31.584 INFORMAZIONI [main] org.apache.catalina.startup.VersionLoggerListener.log Command line argument: -Djava.util.logging.config.file=C:\Users\defil\Desktop\ECLIPSE, TOMCAT ECC\PROGETTO\conf\logging.properties
17-May-2024 18:03:31.584 INFORMAZIONI [main] org.apache.catalina.startup.VersionLoggerListener.log Command line argument: -Djava.util.logging.manager=org.apache.juli.ClassLoaderLogManager
17-May-2024 18:03:31.584 INFORMAZIONI [main] org.apache.catalina.startup.VersionLoggerListener.log Command line argument: -javaagent:C:\Program Files\JetBrains\IntelliJ IDEA 2024.1\lib\idea_rt.jar=61664:C:\Program Files\JetBrains\IntelliJ IDEA 2024.1\bin
17-May-2024 18:03:31.584 INFORMAZIONI [main] org.apache.catalina.startup.VersionLoggerListener.log Command line argument: -Dfile.encoding=UTF-8
17-May-2024 18:03:31.584 INFORMAZIONI [main] org.apache.catalina.startup.VersionLoggerListener.log Command line argument: -Dsun.stdout.encoding=UTF-8
17-May-2024 18:03:31.584 INFORMAZIONI [main] org.apache.catalina.startup.VersionLoggerListener.log Command line argument: -Dsun.stderr.encoding=UTF-8
17-May-2024 18:03:31.585 INFORMAZIONI [main] org.apache.catalina.core.AprLifecycleListener.lifecycleEvent The APR based Apache Tomcat Native library which allows optimal performance in production environments was not found on the java.library.path: [C:\Users\defil\.jdks\corretto-21.0.3\bin;C:\WINDOWS\Sun\Java\bin;C:\WINDOWS\system32;C:\WINDOWS;C:\mingw64\bin;C:\Program Files\Common Files\Oracle\Java\javapath;C:\Program Files (x86)\Common Files\Oracle\Java\javapath;C:\WINDOWS\system32;C:\WINDOWS;C:\WINDOWS\System32\Wbem;C:\WINDOWS\System32\WindowsPowerShell\v1.0\;C:\WINDOWS\System32\OpenSSH\;C:\Users\defil\Desktop\ECLIPSE, TOMCAT ECC\APACHE_MAVEN_3.9.6\apache-maven-3.9.6\bin;C:\Users\defil\Downloads\apache-tomcat-9.0.31\apache-tomcat-9.0.31\bin;C:\Program Files\Git\cmd;C:\Program Files\MySQL\MySQL Shell 8.0\bin\;C:\Users\defil\AppData\Local\Microsoft\WindowsApps;C:\Users\defil\AppData\Local\Programs\Microsoft VS Code\bin;C:\Program Files\JetBrains\IntelliJ IDEA 2024.1\bin;;C:\Users\defil\AppData\Local\GitHubDesktop\bin;C:\Users\defil\Downloads\apache-tomcat-9.0.31\apache-tomcat-9.0.31\bin;;.]
17-May-2024 18:03:31.923 INFORMAZIONI [main] org.apache.coyote.AbstractProtocol.init Initializing ProtocolHandler ["http-nio-8080"]
17-May-2024 18:03:32.460 INFORMAZIONI [main] org.apache.catalina.startup.Catalina.load Server initialization in [1,101] milliseconds
17-May-2024 18:03:32.497 INFORMAZIONI [main] org.apache.catalina.core.StandardService.startInternal Starting service [Catalina]
17-May-2024 18:03:32.497 INFORMAZIONI [main] org.apache.catalina.core.StandardEngine.startInternal Starting Servlet engine: [Apache Tomcat/9.0.31]
17-May-2024 18:03:32.505 INFORMAZIONI [main] org.apache.catalina.startup.HostConfig.deployDescriptor Deploying deployment descriptor [C:\Users\defil\Desktop\ECLIPSE, TOMCAT ECC\PROGETTO\conf\Catalina\localhost\sito.xml]
17-May-2024 18:03:33.328 INFORMAZIONI [main] org.apache.jasper.servlet.TldScanner.scanJars At least one JAR was scanned for TLDs yet contained no TLDs. Enable debug logging for this logger for a complete list of JARs that were scanned but no TLDs were found in them. Skipping unneeded JARs during scanning can improve startup time and JSP compilation time.
17-May-2024 18:03:33.365 INFORMAZIONI [main] org.apache.catalina.startup.HostConfig.deployDescriptor Deployment of deployment descriptor [C:\Users\defil\Desktop\ECLIPSE, TOMCAT ECC\PROGETTO\conf\Catalina\localhost\sito.xml] has finished in [860] ms
17-May-2024 18:03:33.368 INFORMAZIONI [main] org.apache.coyote.AbstractProtocol.start Starting ProtocolHandler ["http-nio-8080"]
17-May-2024 18:03:33.375 INFORMAZIONI [main] org.apache.catalina.startup.Catalina.start Server startup in [912] milliseconds
17-May-2024 18:03:47.999 INFORMAZIONI [Thread-3] org.apache.coyote.AbstractProtocol.pause Pausing ProtocolHandler ["http-nio-8080"]
17-May-2024 18:03:48.003 INFORMAZIONI [Thread-3] org.apache.catalina.core.StandardService.stopInternal Stopping service [Catalina]
17-May-2024 18:03:48.012 AVVERTENZA [Thread-3] org.apache.catalina.loader.WebappClassLoaderBase.clearReferencesJdbc The web application [sito] registered the JDBC driver [com.mysql.cj.jdbc.Driver] but failed to unregister it when the web application was stopped. To prevent a memory leak, the JDBC Driver has been forcibly unregistered.
17-May-2024 18:03:48.013 AVVERTENZA [Thread-3] org.apache.catalina.loader.WebappClassLoaderBase.clearReferencesThreads The web application [sito] appears to have started a thread named [mysql-cj-abandoned-connection-cleanup] but has failed to stop it. This is very likely to create a memory leak. Stack trace of thread:
 java.base/jdk.internal.misc.Unsafe.park(Native Method)
 java.base/java.util.concurrent.locks.LockSupport.parkNanos(LockSupport.java:269)
 java.base/java.util.concurrent.locks.AbstractQueuedSynchronizer$ConditionObject.await(AbstractQueuedSynchronizer.java:1847)
 java.base/java.lang.ref.ReferenceQueue.await(ReferenceQueue.java:71)
 java.base/java.lang.ref.ReferenceQueue.remove0(ReferenceQueue.java:143)
 java.base/java.lang.ref.ReferenceQueue.remove(ReferenceQueue.java:218)
 com.mysql.cj.jdbc.AbandonedConnectionCleanupThread.run(AbandonedConnectionCleanupThread.java:93)
 java.base/java.util.concurrent.ThreadPoolExecutor.runWorker(ThreadPoolExecutor.java:1144)
 java.base/java.util.concurrent.ThreadPoolExecutor$Worker.run(ThreadPoolExecutor.java:642)
 java.base/java.lang.Thread.run(Thread.java:1583)
17-May-2024 18:03:48.013 AVVERTENZA [Thread-3] org.apache.catalina.loader.WebappClassLoaderBase.clearReferencesObjectStreamClassCaches Failed to clear soft references from ObjectStreamClass$Caches for web application [sito]
	java.lang.ClassCastException: class java.io.ObjectStreamClass$Caches$1 cannot be cast to class java.util.Map (java.io.ObjectStreamClass$Caches$1 and java.util.Map are in module java.base of loader 'bootstrap')
		at org.apache.catalina.loader.WebappClassLoaderBase.clearCache(WebappClassLoaderBase.java:2269)
		at org.apache.catalina.loader.WebappClassLoaderBase.clearReferencesObjectStreamClassCaches(WebappClassLoaderBase.java:2256)
		at org.apache.catalina.loader.WebappClassLoaderBase.clearReferences(WebappClassLoaderBase.java:1627)
		at org.apache.catalina.loader.WebappClassLoaderBase.stop(WebappClassLoaderBase.java:1555)
		at org.apache.catalina.loader.WebappLoader.stopInternal(WebappLoader.java:443)
		at org.apache.catalina.util.LifecycleBase.stop(LifecycleBase.java:257)
		at org.apache.catalina.core.StandardContext.stopInternal(StandardContext.java:5432)
		at org.apache.catalina.util.LifecycleBase.stop(LifecycleBase.java:257)
		at org.apache.catalina.core.ContainerBase$StopChild.call(ContainerBase.java:1400)
		at org.apache.catalina.core.ContainerBase$StopChild.call(ContainerBase.java:1389)
		at java.base/java.util.concurrent.FutureTask.run(FutureTask.java:317)
		at org.apache.tomcat.util.threads.InlineExecutorService.execute(InlineExecutorService.java:75)
		at java.base/java.util.concurrent.AbstractExecutorService.submit(AbstractExecutorService.java:145)
		at org.apache.catalina.core.ContainerBase.stopInternal(ContainerBase.java:976)
		at org.apache.catalina.util.LifecycleBase.stop(LifecycleBase.java:257)
		at org.apache.catalina.core.ContainerBase$StopChild.call(ContainerBase.java:1400)
		at org.apache.catalina.core.ContainerBase$StopChild.call(ContainerBase.java:1389)
		at java.base/java.util.concurrent.FutureTask.run(FutureTask.java:317)
		at org.apache.tomcat.util.threads.InlineExecutorService.execute(InlineExecutorService.java:75)
		at java.base/java.util.concurrent.AbstractExecutorService.submit(AbstractExecutorService.java:145)
		at org.apache.catalina.core.ContainerBase.stopInternal(ContainerBase.java:976)
		at org.apache.catalina.util.LifecycleBase.stop(LifecycleBase.java:257)
		at org.apache.catalina.core.StandardService.stopInternal(StandardService.java:473)
		at org.apache.catalina.util.LifecycleBase.stop(LifecycleBase.java:257)
		at org.apache.catalina.core.StandardServer.stopInternal(StandardServer.java:992)
		at org.apache.catalina.util.LifecycleBase.stop(LifecycleBase.java:257)
		at org.apache.catalina.startup.Catalina.stop(Catalina.java:706)
		at org.apache.catalina.startup.Catalina$CatalinaShutdownHook.run(Catalina.java:803)
17-May-2024 18:03:48.020 INFORMAZIONI [Thread-3] org.apache.coyote.AbstractProtocol.stop Stopping ProtocolHandler ["http-nio-8080"]
17-May-2024 18:03:48.023 INFORMAZIONI [Thread-3] org.apache.coyote.AbstractProtocol.destroy Destroying ProtocolHandler ["http-nio-8080"]
17-May-2024 18:06:44.288 INFORMAZIONI [main] org.apache.catalina.startup.VersionLoggerListener.log Server version name:   Apache Tomcat/9.0.31
17-May-2024 18:06:44.298 INFORMAZIONI [main] org.apache.catalina.startup.VersionLoggerListener.log Server built:          Feb 5 2020 19:32:12 UTC
17-May-2024 18:06:44.298 INFORMAZIONI [main] org.apache.catalina.startup.VersionLoggerListener.log Server version number: 9.0.31.0
17-May-2024 18:06:44.298 INFORMAZIONI [main] org.apache.catalina.startup.VersionLoggerListener.log OS Name:               Windows 11
17-May-2024 18:06:44.298 INFORMAZIONI [main] org.apache.catalina.startup.VersionLoggerListener.log OS Version:            10.0
17-May-2024 18:06:44.298 INFORMAZIONI [main] org.apache.catalina.startup.VersionLoggerListener.log Architecture:          amd64
17-May-2024 18:06:44.298 INFORMAZIONI [main] org.apache.catalina.startup.VersionLoggerListener.log Java Home:             C:\Users\defil\.jdks\corretto-21.0.3
17-May-2024 18:06:44.298 INFORMAZIONI [main] org.apache.catalina.startup.VersionLoggerListener.log JVM Version:           21.0.3+9-LTS
17-May-2024 18:06:44.298 INFORMAZIONI [main] org.apache.catalina.startup.VersionLoggerListener.log JVM Vendor:            Amazon.com Inc.
17-May-2024 18:06:44.298 INFORMAZIONI [main] org.apache.catalina.startup.VersionLoggerListener.log CATALINA_BASE:         C:\Users\defil\Desktop\ECLIPSE, TOMCAT ECC\PROGETTO
17-May-2024 18:06:44.298 INFORMAZIONI [main] org.apache.catalina.startup.VersionLoggerListener.log CATALINA_HOME:         C:\Users\defil\Downloads\apache-tomcat-9.0.31\apache-tomcat-9.0.31
17-May-2024 18:06:44.299 INFORMAZIONI [main] org.apache.catalina.startup.VersionLoggerListener.log Command line argument: --add-opens=java.base/java.lang=ALL-UNNAMED
17-May-2024 18:06:44.299 INFORMAZIONI [main] org.apache.catalina.startup.VersionLoggerListener.log Command line argument: --add-opens=java.base/java.io=ALL-UNNAMED
17-May-2024 18:06:44.299 INFORMAZIONI [main] org.apache.catalina.startup.VersionLoggerListener.log Command line argument: --add-opens=java.base/java.util=ALL-UNNAMED
17-May-2024 18:06:44.299 INFORMAZIONI [main] org.apache.catalina.startup.VersionLoggerListener.log Command line argument: --add-opens=java.base/java.util.concurrent=ALL-UNNAMED
17-May-2024 18:06:44.299 INFORMAZIONI [main] org.apache.catalina.startup.VersionLoggerListener.log Command line argument: --add-opens=java.rmi/sun.rmi.transport=ALL-UNNAMED
17-May-2024 18:06:44.299 INFORMAZIONI [main] org.apache.catalina.startup.VersionLoggerListener.log Command line argument: -Dcatalina.home=C:\Users\defil\Downloads\apache-tomcat-9.0.31\apache-tomcat-9.0.31
17-May-2024 18:06:44.299 INFORMAZIONI [main] org.apache.catalina.startup.VersionLoggerListener.log Command line argument: -Dcatalina.base=C:\Users\defil\Desktop\ECLIPSE, TOMCAT ECC\PROGETTO
17-May-2024 18:06:44.299 INFORMAZIONI [main] org.apache.catalina.startup.VersionLoggerListener.log Command line argument: -Djava.io.tmpdir=C:\Users\defil\Desktop\ECLIPSE, TOMCAT ECC\PROGETTO\temp
17-May-2024 18:06:44.299 INFORMAZIONI [main] org.apache.catalina.startup.VersionLoggerListener.log Command line argument: -Djava.util.logging.config.file=C:\Users\defil\Desktop\ECLIPSE, TOMCAT ECC\PROGETTO\conf\logging.properties
17-May-2024 18:06:44.299 INFORMAZIONI [main] org.apache.catalina.startup.VersionLoggerListener.log Command line argument: -Djava.util.logging.manager=org.apache.juli.ClassLoaderLogManager
17-May-2024 18:06:44.299 INFORMAZIONI [main] org.apache.catalina.startup.VersionLoggerListener.log Command line argument: -javaagent:C:\Program Files\JetBrains\IntelliJ IDEA 2024.1\lib\idea_rt.jar=50748:C:\Program Files\JetBrains\IntelliJ IDEA 2024.1\bin
17-May-2024 18:06:44.299 INFORMAZIONI [main] org.apache.catalina.startup.VersionLoggerListener.log Command line argument: -Dfile.encoding=UTF-8
17-May-2024 18:06:44.308 INFORMAZIONI [main] org.apache.catalina.startup.VersionLoggerListener.log Command line argument: -Dsun.stdout.encoding=UTF-8
17-May-2024 18:06:44.308 INFORMAZIONI [main] org.apache.catalina.startup.VersionLoggerListener.log Command line argument: -Dsun.stderr.encoding=UTF-8
17-May-2024 18:06:44.313 INFORMAZIONI [main] org.apache.catalina.core.AprLifecycleListener.lifecycleEvent The APR based Apache Tomcat Native library which allows optimal performance in production environments was not found on the java.library.path: [C:\Users\defil\.jdks\corretto-21.0.3\bin;C:\WINDOWS\Sun\Java\bin;C:\WINDOWS\system32;C:\WINDOWS;C:\mingw64\bin;C:\Program Files\Common Files\Oracle\Java\javapath;C:\Program Files (x86)\Common Files\Oracle\Java\javapath;C:\WINDOWS\system32;C:\WINDOWS;C:\WINDOWS\System32\Wbem;C:\WINDOWS\System32\WindowsPowerShell\v1.0\;C:\WINDOWS\System32\OpenSSH\;C:\Users\defil\Desktop\ECLIPSE, TOMCAT ECC\APACHE_MAVEN_3.9.6\apache-maven-3.9.6\bin;C:\Users\defil\Downloads\apache-tomcat-9.0.31\apache-tomcat-9.0.31\bin;C:\Program Files\Git\cmd;C:\Program Files\MySQL\MySQL Shell 8.0\bin\;C:\Users\defil\AppData\Local\Microsoft\WindowsApps;C:\Users\defil\AppData\Local\Programs\Microsoft VS Code\bin;C:\Program Files\JetBrains\IntelliJ IDEA 2024.1\bin;;C:\Users\defil\AppData\Local\GitHubDesktop\bin;C:\Users\defil\Downloads\apache-tomcat-9.0.31\apache-tomcat-9.0.31\bin;;.]
17-May-2024 18:06:44.589 INFORMAZIONI [main] org.apache.coyote.AbstractProtocol.init Initializing ProtocolHandler ["http-nio-8080"]
17-May-2024 18:06:44.668 INFORMAZIONI [main] org.apache.catalina.startup.Catalina.load Server initialization in [565] milliseconds
17-May-2024 18:06:44.710 INFORMAZIONI [main] org.apache.catalina.core.StandardService.startInternal Starting service [Catalina]
17-May-2024 18:06:44.710 INFORMAZIONI [main] org.apache.catalina.core.StandardEngine.startInternal Starting Servlet engine: [Apache Tomcat/9.0.31]
17-May-2024 18:06:44.719 INFORMAZIONI [main] org.apache.catalina.startup.HostConfig.deployDescriptor Deploying deployment descriptor [C:\Users\defil\Desktop\ECLIPSE, TOMCAT ECC\PROGETTO\conf\Catalina\localhost\sito.xml]
17-May-2024 18:06:45.418 INFORMAZIONI [main] org.apache.jasper.servlet.TldScanner.scanJars At least one JAR was scanned for TLDs yet contained no TLDs. Enable debug logging for this logger for a complete list of JARs that were scanned but no TLDs were found in them. Skipping unneeded JARs during scanning can improve startup time and JSP compilation time.
17-May-2024 18:06:45.458 INFORMAZIONI [main] org.apache.catalina.startup.HostConfig.deployDescriptor Deployment of deployment descriptor [C:\Users\defil\Desktop\ECLIPSE, TOMCAT ECC\PROGETTO\conf\Catalina\localhost\sito.xml] has finished in [739] ms
17-May-2024 18:06:45.459 INFORMAZIONI [main] org.apache.coyote.AbstractProtocol.start Starting ProtocolHandler ["http-nio-8080"]
17-May-2024 18:06:45.463 INFORMAZIONI [main] org.apache.catalina.startup.Catalina.start Server startup in [788] milliseconds
17-May-2024 18:06:54.911 INFORMAZIONI [Thread-3] org.apache.coyote.AbstractProtocol.pause Pausing ProtocolHandler ["http-nio-8080"]
17-May-2024 18:06:54.915 INFORMAZIONI [Thread-3] org.apache.catalina.core.StandardService.stopInternal Stopping service [Catalina]
17-May-2024 18:06:54.938 AVVERTENZA [Thread-3] org.apache.catalina.loader.WebappClassLoaderBase.clearReferencesJdbc The web application [sito] registered the JDBC driver [com.mysql.cj.jdbc.Driver] but failed to unregister it when the web application was stopped. To prevent a memory leak, the JDBC Driver has been forcibly unregistered.
17-May-2024 18:06:54.939 AVVERTENZA [Thread-3] org.apache.catalina.loader.WebappClassLoaderBase.clearReferencesThreads The web application [sito] appears to have started a thread named [mysql-cj-abandoned-connection-cleanup] but has failed to stop it. This is very likely to create a memory leak. Stack trace of thread:
 java.base/jdk.internal.misc.Unsafe.park(Native Method)
 java.base/java.util.concurrent.locks.LockSupport.parkNanos(LockSupport.java:269)
 java.base/java.util.concurrent.locks.AbstractQueuedSynchronizer$ConditionObject.await(AbstractQueuedSynchronizer.java:1847)
 java.base/java.lang.ref.ReferenceQueue.await(ReferenceQueue.java:71)
 java.base/java.lang.ref.ReferenceQueue.remove0(ReferenceQueue.java:143)
 java.base/java.lang.ref.ReferenceQueue.remove(ReferenceQueue.java:218)
 com.mysql.cj.jdbc.AbandonedConnectionCleanupThread.run(AbandonedConnectionCleanupThread.java:93)
 java.base/java.util.concurrent.ThreadPoolExecutor.runWorker(ThreadPoolExecutor.java:1144)
 java.base/java.util.concurrent.ThreadPoolExecutor$Worker.run(ThreadPoolExecutor.java:642)
 java.base/java.lang.Thread.run(Thread.java:1583)
17-May-2024 18:06:54.939 AVVERTENZA [Thread-3] org.apache.catalina.loader.WebappClassLoaderBase.clearReferencesObjectStreamClassCaches Failed to clear soft references from ObjectStreamClass$Caches for web application [sito]
	java.lang.ClassCastException: class java.io.ObjectStreamClass$Caches$1 cannot be cast to class java.util.Map (java.io.ObjectStreamClass$Caches$1 and java.util.Map are in module java.base of loader 'bootstrap')
		at org.apache.catalina.loader.WebappClassLoaderBase.clearCache(WebappClassLoaderBase.java:2269)
		at org.apache.catalina.loader.WebappClassLoaderBase.clearReferencesObjectStreamClassCaches(WebappClassLoaderBase.java:2256)
		at org.apache.catalina.loader.WebappClassLoaderBase.clearReferences(WebappClassLoaderBase.java:1627)
		at org.apache.catalina.loader.WebappClassLoaderBase.stop(WebappClassLoaderBase.java:1555)
		at org.apache.catalina.loader.WebappLoader.stopInternal(WebappLoader.java:443)
		at org.apache.catalina.util.LifecycleBase.stop(LifecycleBase.java:257)
		at org.apache.catalina.core.StandardContext.stopInternal(StandardContext.java:5432)
		at org.apache.catalina.util.LifecycleBase.stop(LifecycleBase.java:257)
		at org.apache.catalina.core.ContainerBase$StopChild.call(ContainerBase.java:1400)
		at org.apache.catalina.core.ContainerBase$StopChild.call(ContainerBase.java:1389)
		at java.base/java.util.concurrent.FutureTask.run(FutureTask.java:317)
		at org.apache.tomcat.util.threads.InlineExecutorService.execute(InlineExecutorService.java:75)
		at java.base/java.util.concurrent.AbstractExecutorService.submit(AbstractExecutorService.java:145)
		at org.apache.catalina.core.ContainerBase.stopInternal(ContainerBase.java:976)
		at org.apache.catalina.util.LifecycleBase.stop(LifecycleBase.java:257)
		at org.apache.catalina.core.ContainerBase$StopChild.call(ContainerBase.java:1400)
		at org.apache.catalina.core.ContainerBase$StopChild.call(ContainerBase.java:1389)
		at java.base/java.util.concurrent.FutureTask.run(FutureTask.java:317)
		at org.apache.tomcat.util.threads.InlineExecutorService.execute(InlineExecutorService.java:75)
		at java.base/java.util.concurrent.AbstractExecutorService.submit(AbstractExecutorService.java:145)
		at org.apache.catalina.core.ContainerBase.stopInternal(ContainerBase.java:976)
		at org.apache.catalina.util.LifecycleBase.stop(LifecycleBase.java:257)
		at org.apache.catalina.core.StandardService.stopInternal(StandardService.java:473)
		at org.apache.catalina.util.LifecycleBase.stop(LifecycleBase.java:257)
		at org.apache.catalina.core.StandardServer.stopInternal(StandardServer.java:992)
		at org.apache.catalina.util.LifecycleBase.stop(LifecycleBase.java:257)
		at org.apache.catalina.startup.Catalina.stop(Catalina.java:706)
		at org.apache.catalina.startup.Catalina$CatalinaShutdownHook.run(Catalina.java:803)
17-May-2024 18:06:54.946 INFORMAZIONI [Thread-3] org.apache.coyote.AbstractProtocol.stop Stopping ProtocolHandler ["http-nio-8080"]
17-May-2024 18:06:54.948 INFORMAZIONI [Thread-3] org.apache.coyote.AbstractProtocol.destroy Destroying ProtocolHandler ["http-nio-8080"]
